{"timestamp":"2025-10-24T06:02:17.091772Z","level":"info","event":"DAG bundles loaded: dags-folder","logger":"airflow.dag_processing.bundles.manager.DagBundlesManager","filename":"manager.py","lineno":179}
{"timestamp":"2025-10-24T06:02:17.092660Z","level":"info","event":"Filling up the DagBag from /opt/airflow/dags/afluencia/dag_ml_train.py","logger":"airflow.models.dagbag.DagBag","filename":"dagbag.py","lineno":593}
{"timestamp":"2025-10-24T06:02:17.149159Z","level":"info","event":"Executing cmd: uv venv --allow-existing --seed --python python /tmp/venvlfg669px","logger":"airflow.utils.process_utils","filename":"process_utils.py","lineno":188}
{"timestamp":"2025-10-24T06:02:17.149832Z","level":"info","event":"Output:","logger":"airflow.utils.process_utils","filename":"process_utils.py","lineno":192}
{"timestamp":"2025-10-24T06:02:17.161541Z","level":"info","event":"Using CPython 3.12.11 interpreter at: /usr/python/bin/python","logger":"airflow.utils.process_utils","filename":"process_utils.py","lineno":196}
{"timestamp":"2025-10-24T06:02:17.161814Z","level":"info","event":"Creating virtual environment with seed packages at: /tmp/venvlfg669px","logger":"airflow.utils.process_utils","filename":"process_utils.py","lineno":196}
{"timestamp":"2025-10-24T06:02:17.333808Z","level":"info","event":" + pip==25.2","logger":"airflow.utils.process_utils","filename":"process_utils.py","lineno":196}
{"timestamp":"2025-10-24T06:02:17.338002Z","level":"info","event":"Executing cmd: uv pip install --python /tmp/venvlfg669px/bin/python -r /tmp/venvlfg669px/requirements.txt","logger":"airflow.utils.process_utils","filename":"process_utils.py","lineno":188}
{"timestamp":"2025-10-24T06:02:17.338685Z","level":"info","event":"Output:","logger":"airflow.utils.process_utils","filename":"process_utils.py","lineno":192}
{"timestamp":"2025-10-24T06:02:17.506098Z","level":"info","event":"Using Python 3.12.11 environment at: /tmp/venvlfg669px","logger":"airflow.utils.process_utils","filename":"process_utils.py","lineno":196}
{"timestamp":"2025-10-24T06:02:18.044380Z","level":"info","event":"Resolved 166 packages in 537ms","logger":"airflow.utils.process_utils","filename":"process_utils.py","lineno":196}
{"timestamp":"2025-10-24T06:02:18.440563Z","level":"info","event":"Installed 166 packages in 389ms","logger":"airflow.utils.process_utils","filename":"process_utils.py","lineno":196}
{"timestamp":"2025-10-24T06:02:18.440777Z","level":"info","event":" + a2wsgi==1.10.10","logger":"airflow.utils.process_utils","filename":"process_utils.py","lineno":196}
{"timestamp":"2025-10-24T06:02:18.440878Z","level":"info","event":" + aiosmtplib==5.0.0","logger":"airflow.utils.process_utils","filename":"process_utils.py","lineno":196}
{"timestamp":"2025-10-24T06:02:18.440962Z","level":"info","event":" + aiosqlite==0.21.0","logger":"airflow.utils.process_utils","filename":"process_utils.py","lineno":196}
{"timestamp":"2025-10-24T06:02:18.441041Z","level":"info","event":" + alembic==1.17.0","logger":"airflow.utils.process_utils","filename":"process_utils.py","lineno":196}
{"timestamp":"2025-10-24T06:02:18.441116Z","level":"info","event":" + annotated-doc==0.0.2","logger":"airflow.utils.process_utils","filename":"process_utils.py","lineno":196}
{"timestamp":"2025-10-24T06:02:18.441200Z","level":"info","event":" + annotated-types==0.7.0","logger":"airflow.utils.process_utils","filename":"process_utils.py","lineno":196}
{"timestamp":"2025-10-24T06:02:18.441267Z","level":"info","event":" + anyio==4.11.0","logger":"airflow.utils.process_utils","filename":"process_utils.py","lineno":196}
{"timestamp":"2025-10-24T06:02:18.441349Z","level":"info","event":" + apache-airflow==3.1.0","logger":"airflow.utils.process_utils","filename":"process_utils.py","lineno":196}
{"timestamp":"2025-10-24T06:02:18.441432Z","level":"info","event":" + apache-airflow-core==3.1.0","logger":"airflow.utils.process_utils","filename":"process_utils.py","lineno":196}
{"timestamp":"2025-10-24T06:02:18.441523Z","level":"info","event":" + apache-airflow-providers-common-compat==1.7.4","logger":"airflow.utils.process_utils","filename":"process_utils.py","lineno":196}
{"timestamp":"2025-10-24T06:02:18.441623Z","level":"info","event":" + apache-airflow-providers-common-io==1.6.3","logger":"airflow.utils.process_utils","filename":"process_utils.py","lineno":196}
{"timestamp":"2025-10-24T06:02:18.441728Z","level":"info","event":" + apache-airflow-providers-common-sql==1.28.1","logger":"airflow.utils.process_utils","filename":"process_utils.py","lineno":196}
{"timestamp":"2025-10-24T06:02:18.441845Z","level":"info","event":" + apache-airflow-providers-postgres==6.3.0","logger":"airflow.utils.process_utils","filename":"process_utils.py","lineno":196}
{"timestamp":"2025-10-24T06:02:18.441943Z","level":"info","event":" + apache-airflow-providers-smtp==2.3.1","logger":"airflow.utils.process_utils","filename":"process_utils.py","lineno":196}
{"timestamp":"2025-10-24T06:02:18.442034Z","level":"info","event":" + apache-airflow-providers-standard==1.9.0","logger":"airflow.utils.process_utils","filename":"process_utils.py","lineno":196}
{"timestamp":"2025-10-24T06:02:18.442141Z","level":"info","event":" + apache-airflow-task-sdk==1.1.0","logger":"airflow.utils.process_utils","filename":"process_utils.py","lineno":196}
{"timestamp":"2025-10-24T06:02:18.442224Z","level":"info","event":" + argcomplete==3.6.3","logger":"airflow.utils.process_utils","filename":"process_utils.py","lineno":196}
{"timestamp":"2025-10-24T06:02:18.442304Z","level":"info","event":" + asgiref==3.10.0","logger":"airflow.utils.process_utils","filename":"process_utils.py","lineno":196}
{"timestamp":"2025-10-24T06:02:18.442398Z","level":"info","event":" + asyncpg==0.30.0","logger":"airflow.utils.process_utils","filename":"process_utils.py","lineno":196}
{"timestamp":"2025-10-24T06:02:18.442466Z","level":"info","event":" + attrs==25.4.0","logger":"airflow.utils.process_utils","filename":"process_utils.py","lineno":196}
{"timestamp":"2025-10-24T06:02:18.442531Z","level":"info","event":" + blinker==1.9.0","logger":"airflow.utils.process_utils","filename":"process_utils.py","lineno":196}
{"timestamp":"2025-10-24T06:02:18.442609Z","level":"info","event":" + cachetools==6.2.1","logger":"airflow.utils.process_utils","filename":"process_utils.py","lineno":196}
{"timestamp":"2025-10-24T06:02:18.442670Z","level":"info","event":" + cadwyn==5.6.0","logger":"airflow.utils.process_utils","filename":"process_utils.py","lineno":196}
{"timestamp":"2025-10-24T06:02:18.442766Z","level":"info","event":" + certifi==2025.10.5","logger":"airflow.utils.process_utils","filename":"process_utils.py","lineno":196}
{"timestamp":"2025-10-24T06:02:18.442833Z","level":"info","event":" + cffi==2.0.0","logger":"airflow.utils.process_utils","filename":"process_utils.py","lineno":196}
{"timestamp":"2025-10-24T06:02:18.442929Z","level":"info","event":" + charset-normalizer==3.4.4","logger":"airflow.utils.process_utils","filename":"process_utils.py","lineno":196}
{"timestamp":"2025-10-24T06:02:18.443001Z","level":"info","event":" + click==8.3.0","logger":"airflow.utils.process_utils","filename":"process_utils.py","lineno":196}
{"timestamp":"2025-10-24T06:02:18.443072Z","level":"info","event":" + cloudpickle==3.1.1","logger":"airflow.utils.process_utils","filename":"process_utils.py","lineno":196}
{"timestamp":"2025-10-24T06:02:18.443137Z","level":"info","event":" + colorlog==6.10.1","logger":"airflow.utils.process_utils","filename":"process_utils.py","lineno":196}
{"timestamp":"2025-10-24T06:02:18.443212Z","level":"info","event":" + contourpy==1.3.3","logger":"airflow.utils.process_utils","filename":"process_utils.py","lineno":196}
{"timestamp":"2025-10-24T06:02:18.443307Z","level":"info","event":" + cron-descriptor==2.0.6","logger":"airflow.utils.process_utils","filename":"process_utils.py","lineno":196}
{"timestamp":"2025-10-24T06:02:18.443374Z","level":"info","event":" + croniter==6.0.0","logger":"airflow.utils.process_utils","filename":"process_utils.py","lineno":196}
{"timestamp":"2025-10-24T06:02:18.443450Z","level":"info","event":" + cryptography==46.0.3","logger":"airflow.utils.process_utils","filename":"process_utils.py","lineno":196}
{"timestamp":"2025-10-24T06:02:18.443517Z","level":"info","event":" + cycler==0.12.1","logger":"airflow.utils.process_utils","filename":"process_utils.py","lineno":196}
{"timestamp":"2025-10-24T06:02:18.443618Z","level":"info","event":" + databricks-sdk==0.70.0","logger":"airflow.utils.process_utils","filename":"process_utils.py","lineno":196}
{"timestamp":"2025-10-24T06:02:18.443715Z","level":"info","event":" + deprecated==1.2.18","logger":"airflow.utils.process_utils","filename":"process_utils.py","lineno":196}
{"timestamp":"2025-10-24T06:02:18.443790Z","level":"info","event":" + dill==0.4.0","logger":"airflow.utils.process_utils","filename":"process_utils.py","lineno":196}
{"timestamp":"2025-10-24T06:02:18.443858Z","level":"info","event":" + dnspython==2.8.0","logger":"airflow.utils.process_utils","filename":"process_utils.py","lineno":196}
{"timestamp":"2025-10-24T06:02:18.443933Z","level":"info","event":" + docker==7.1.0","logger":"airflow.utils.process_utils","filename":"process_utils.py","lineno":196}
{"timestamp":"2025-10-24T06:02:18.444004Z","level":"info","event":" + email-validator==2.3.0","logger":"airflow.utils.process_utils","filename":"process_utils.py","lineno":196}
{"timestamp":"2025-10-24T06:02:18.444079Z","level":"info","event":" + fastapi==0.120.0","logger":"airflow.utils.process_utils","filename":"process_utils.py","lineno":196}
{"timestamp":"2025-10-24T06:02:18.444176Z","level":"info","event":" + fastapi-cli==0.0.14","logger":"airflow.utils.process_utils","filename":"process_utils.py","lineno":196}
{"timestamp":"2025-10-24T06:02:18.444244Z","level":"info","event":" + flask==3.1.2","logger":"airflow.utils.process_utils","filename":"process_utils.py","lineno":196}
{"timestamp":"2025-10-24T06:02:18.444326Z","level":"info","event":" + flask-cors==6.0.1","logger":"airflow.utils.process_utils","filename":"process_utils.py","lineno":196}
{"timestamp":"2025-10-24T06:02:18.444396Z","level":"info","event":" + fonttools==4.60.1","logger":"airflow.utils.process_utils","filename":"process_utils.py","lineno":196}
{"timestamp":"2025-10-24T06:02:18.444469Z","level":"info","event":" + fsspec==2025.9.0","logger":"airflow.utils.process_utils","filename":"process_utils.py","lineno":196}
{"timestamp":"2025-10-24T06:02:18.444536Z","level":"info","event":" + gitdb==4.0.12","logger":"airflow.utils.process_utils","filename":"process_utils.py","lineno":196}
{"timestamp":"2025-10-24T06:02:18.444601Z","level":"info","event":" + gitpython==3.1.45","logger":"airflow.utils.process_utils","filename":"process_utils.py","lineno":196}
{"timestamp":"2025-10-24T06:02:18.444677Z","level":"info","event":" + google-auth==2.41.1","logger":"airflow.utils.process_utils","filename":"process_utils.py","lineno":196}
{"timestamp":"2025-10-24T06:02:18.444757Z","level":"info","event":" + googleapis-common-protos==1.71.0","logger":"airflow.utils.process_utils","filename":"process_utils.py","lineno":196}
{"timestamp":"2025-10-24T06:02:18.444825Z","level":"info","event":" + graphene==3.4.3","logger":"airflow.utils.process_utils","filename":"process_utils.py","lineno":196}
{"timestamp":"2025-10-24T06:02:18.444903Z","level":"info","event":" + graphql-core==3.2.6","logger":"airflow.utils.process_utils","filename":"process_utils.py","lineno":196}
{"timestamp":"2025-10-24T06:02:18.444989Z","level":"info","event":" + graphql-relay==3.2.0","logger":"airflow.utils.process_utils","filename":"process_utils.py","lineno":196}
{"timestamp":"2025-10-24T06:02:18.445078Z","level":"info","event":" + greenback==1.2.1","logger":"airflow.utils.process_utils","filename":"process_utils.py","lineno":196}
{"timestamp":"2025-10-24T06:02:18.445146Z","level":"info","event":" + greenlet==3.2.4","logger":"airflow.utils.process_utils","filename":"process_utils.py","lineno":196}
{"timestamp":"2025-10-24T06:02:18.445210Z","level":"info","event":" + grpcio==1.76.0","logger":"airflow.utils.process_utils","filename":"process_utils.py","lineno":196}
{"timestamp":"2025-10-24T06:02:18.445287Z","level":"info","event":" + gunicorn==23.0.0","logger":"airflow.utils.process_utils","filename":"process_utils.py","lineno":196}
{"timestamp":"2025-10-24T06:02:18.445433Z","level":"info","event":" + h11==0.16.0","logger":"airflow.utils.process_utils","filename":"process_utils.py","lineno":196}
{"timestamp":"2025-10-24T06:02:18.445602Z","level":"info","event":" + httpcore==1.0.9","logger":"airflow.utils.process_utils","filename":"process_utils.py","lineno":196}
{"timestamp":"2025-10-24T06:02:18.445733Z","level":"info","event":" + httptools==0.7.1","logger":"airflow.utils.process_utils","filename":"process_utils.py","lineno":196}
{"timestamp":"2025-10-24T06:02:18.445850Z","level":"info","event":" + httpx==0.28.1","logger":"airflow.utils.process_utils","filename":"process_utils.py","lineno":196}
{"timestamp":"2025-10-24T06:02:18.445927Z","level":"info","event":" + idna==3.11","logger":"airflow.utils.process_utils","filename":"process_utils.py","lineno":196}
{"timestamp":"2025-10-24T06:02:18.446004Z","level":"info","event":" + importlib-metadata==8.7.0","logger":"airflow.utils.process_utils","filename":"process_utils.py","lineno":196}
{"timestamp":"2025-10-24T06:02:18.446086Z","level":"info","event":" + itsdangerous==2.2.0","logger":"airflow.utils.process_utils","filename":"process_utils.py","lineno":196}
{"timestamp":"2025-10-24T06:02:18.446179Z","level":"info","event":" + jinja2==3.1.6","logger":"airflow.utils.process_utils","filename":"process_utils.py","lineno":196}
{"timestamp":"2025-10-24T06:02:18.446248Z","level":"info","event":" + joblib==1.5.2","logger":"airflow.utils.process_utils","filename":"process_utils.py","lineno":196}
{"timestamp":"2025-10-24T06:02:18.446331Z","level":"info","event":" + jsonschema==4.25.1","logger":"airflow.utils.process_utils","filename":"process_utils.py","lineno":196}
{"timestamp":"2025-10-24T06:02:18.446427Z","level":"info","event":" + jsonschema-specifications==2025.9.1","logger":"airflow.utils.process_utils","filename":"process_utils.py","lineno":196}
{"timestamp":"2025-10-24T06:02:18.446497Z","level":"info","event":" + kiwisolver==1.4.9","logger":"airflow.utils.process_utils","filename":"process_utils.py","lineno":196}
{"timestamp":"2025-10-24T06:02:18.446592Z","level":"info","event":" + lazy-object-proxy==1.12.0","logger":"airflow.utils.process_utils","filename":"process_utils.py","lineno":196}
{"timestamp":"2025-10-24T06:02:18.446665Z","level":"info","event":" + libcst==1.8.5","logger":"airflow.utils.process_utils","filename":"process_utils.py","lineno":196}
{"timestamp":"2025-10-24T06:02:18.446733Z","level":"info","event":" + linkify-it-py==2.0.3","logger":"airflow.utils.process_utils","filename":"process_utils.py","lineno":196}
{"timestamp":"2025-10-24T06:02:18.446809Z","level":"info","event":" + lockfile==0.12.2","logger":"airflow.utils.process_utils","filename":"process_utils.py","lineno":196}
{"timestamp":"2025-10-24T06:02:18.446888Z","level":"info","event":" + mako==1.3.10","logger":"airflow.utils.process_utils","filename":"process_utils.py","lineno":196}
{"timestamp":"2025-10-24T06:02:18.446961Z","level":"info","event":" + markdown-it-py==4.0.0","logger":"airflow.utils.process_utils","filename":"process_utils.py","lineno":196}
{"timestamp":"2025-10-24T06:02:18.447038Z","level":"info","event":" + markupsafe==3.0.3","logger":"airflow.utils.process_utils","filename":"process_utils.py","lineno":196}
{"timestamp":"2025-10-24T06:02:18.447109Z","level":"info","event":" + matplotlib==3.10.7","logger":"airflow.utils.process_utils","filename":"process_utils.py","lineno":196}
{"timestamp":"2025-10-24T06:02:18.447173Z","level":"info","event":" + mdurl==0.1.2","logger":"airflow.utils.process_utils","filename":"process_utils.py","lineno":196}
{"timestamp":"2025-10-24T06:02:18.447251Z","level":"info","event":" + methodtools==0.4.7","logger":"airflow.utils.process_utils","filename":"process_utils.py","lineno":196}
{"timestamp":"2025-10-24T06:02:18.447345Z","level":"info","event":" + mlflow==3.5.1","logger":"airflow.utils.process_utils","filename":"process_utils.py","lineno":196}
{"timestamp":"2025-10-24T06:02:18.447457Z","level":"info","event":" + mlflow-skinny==3.5.1","logger":"airflow.utils.process_utils","filename":"process_utils.py","lineno":196}
{"timestamp":"2025-10-24T06:02:18.447545Z","level":"info","event":" + mlflow-tracing==3.5.1","logger":"airflow.utils.process_utils","filename":"process_utils.py","lineno":196}
{"timestamp":"2025-10-24T06:02:18.447623Z","level":"info","event":" + more-itertools==10.8.0","logger":"airflow.utils.process_utils","filename":"process_utils.py","lineno":196}
{"timestamp":"2025-10-24T06:02:18.447702Z","level":"info","event":" + msgspec==0.19.0","logger":"airflow.utils.process_utils","filename":"process_utils.py","lineno":196}
{"timestamp":"2025-10-24T06:02:18.447773Z","level":"info","event":" + natsort==8.4.0","logger":"airflow.utils.process_utils","filename":"process_utils.py","lineno":196}
{"timestamp":"2025-10-24T06:02:18.447839Z","level":"info","event":" + numpy==2.3.4","logger":"airflow.utils.process_utils","filename":"process_utils.py","lineno":196}
{"timestamp":"2025-10-24T06:02:18.447952Z","level":"info","event":" + opentelemetry-api==1.38.0","logger":"airflow.utils.process_utils","filename":"process_utils.py","lineno":196}
{"timestamp":"2025-10-24T06:02:18.448082Z","level":"info","event":" + opentelemetry-exporter-otlp==1.38.0","logger":"airflow.utils.process_utils","filename":"process_utils.py","lineno":196}
{"timestamp":"2025-10-24T06:02:18.448247Z","level":"info","event":" + opentelemetry-exporter-otlp-proto-common==1.38.0","logger":"airflow.utils.process_utils","filename":"process_utils.py","lineno":196}
{"timestamp":"2025-10-24T06:02:18.448384Z","level":"info","event":" + opentelemetry-exporter-otlp-proto-grpc==1.38.0","logger":"airflow.utils.process_utils","filename":"process_utils.py","lineno":196}
{"timestamp":"2025-10-24T06:02:18.448553Z","level":"info","event":" + opentelemetry-exporter-otlp-proto-http==1.38.0","logger":"airflow.utils.process_utils","filename":"process_utils.py","lineno":196}
{"timestamp":"2025-10-24T06:02:18.448650Z","level":"info","event":" + opentelemetry-proto==1.38.0","logger":"airflow.utils.process_utils","filename":"process_utils.py","lineno":196}
{"timestamp":"2025-10-24T06:02:18.448735Z","level":"info","event":" + opentelemetry-sdk==1.38.0","logger":"airflow.utils.process_utils","filename":"process_utils.py","lineno":196}
{"timestamp":"2025-10-24T06:02:18.448836Z","level":"info","event":" + opentelemetry-semantic-conventions==0.59b0","logger":"airflow.utils.process_utils","filename":"process_utils.py","lineno":196}
{"timestamp":"2025-10-24T06:02:18.448973Z","level":"info","event":" + outcome==1.3.0.post0","logger":"airflow.utils.process_utils","filename":"process_utils.py","lineno":196}
{"timestamp":"2025-10-24T06:02:18.449096Z","level":"info","event":" + packaging==25.0","logger":"airflow.utils.process_utils","filename":"process_utils.py","lineno":196}
{"timestamp":"2025-10-24T06:02:18.449184Z","level":"info","event":" + pandas==2.3.3","logger":"airflow.utils.process_utils","filename":"process_utils.py","lineno":196}
{"timestamp":"2025-10-24T06:02:18.449288Z","level":"info","event":" + pathlib-abc==0.5.2","logger":"airflow.utils.process_utils","filename":"process_utils.py","lineno":196}
{"timestamp":"2025-10-24T06:02:18.449385Z","level":"info","event":" + pathspec==0.12.1","logger":"airflow.utils.process_utils","filename":"process_utils.py","lineno":196}
{"timestamp":"2025-10-24T06:02:18.449495Z","level":"info","event":" + pendulum==3.1.0","logger":"airflow.utils.process_utils","filename":"process_utils.py","lineno":196}
{"timestamp":"2025-10-24T06:02:18.449597Z","level":"info","event":" + pillow==12.0.0","logger":"airflow.utils.process_utils","filename":"process_utils.py","lineno":196}
{"timestamp":"2025-10-24T06:02:18.449680Z","level":"info","event":" + pluggy==1.6.0","logger":"airflow.utils.process_utils","filename":"process_utils.py","lineno":196}
{"timestamp":"2025-10-24T06:02:18.449759Z","level":"info","event":" + protobuf==6.33.0","logger":"airflow.utils.process_utils","filename":"process_utils.py","lineno":196}
{"timestamp":"2025-10-24T06:02:18.449832Z","level":"info","event":" + psutil==7.1.1","logger":"airflow.utils.process_utils","filename":"process_utils.py","lineno":196}
{"timestamp":"2025-10-24T06:02:18.449916Z","level":"info","event":" + psycopg2-binary==2.9.11","logger":"airflow.utils.process_utils","filename":"process_utils.py","lineno":196}
{"timestamp":"2025-10-24T06:02:18.449994Z","level":"info","event":" + pyarrow==21.0.0","logger":"airflow.utils.process_utils","filename":"process_utils.py","lineno":196}
{"timestamp":"2025-10-24T06:02:18.450080Z","level":"info","event":" + pyasn1==0.6.1","logger":"airflow.utils.process_utils","filename":"process_utils.py","lineno":196}
{"timestamp":"2025-10-24T06:02:18.450191Z","level":"info","event":" + pyasn1-modules==0.4.2","logger":"airflow.utils.process_utils","filename":"process_utils.py","lineno":196}
{"timestamp":"2025-10-24T06:02:18.450301Z","level":"info","event":" + pycparser==2.23","logger":"airflow.utils.process_utils","filename":"process_utils.py","lineno":196}
{"timestamp":"2025-10-24T06:02:18.450411Z","level":"info","event":" + pydantic==2.12.3","logger":"airflow.utils.process_utils","filename":"process_utils.py","lineno":196}
{"timestamp":"2025-10-24T06:02:18.450496Z","level":"info","event":" + pydantic-core==2.41.4","logger":"airflow.utils.process_utils","filename":"process_utils.py","lineno":196}
{"timestamp":"2025-10-24T06:02:18.450585Z","level":"info","event":" + pygments==2.19.2","logger":"airflow.utils.process_utils","filename":"process_utils.py","lineno":196}
{"timestamp":"2025-10-24T06:02:18.450652Z","level":"info","event":" + pygtrie==2.5.0","logger":"airflow.utils.process_utils","filename":"process_utils.py","lineno":196}
{"timestamp":"2025-10-24T06:02:18.450716Z","level":"info","event":" + pyjwt==2.10.1","logger":"airflow.utils.process_utils","filename":"process_utils.py","lineno":196}
{"timestamp":"2025-10-24T06:02:18.450789Z","level":"info","event":" + pyparsing==3.2.5","logger":"airflow.utils.process_utils","filename":"process_utils.py","lineno":196}
{"timestamp":"2025-10-24T06:02:18.450871Z","level":"info","event":" + python-daemon==3.1.2","logger":"airflow.utils.process_utils","filename":"process_utils.py","lineno":196}
{"timestamp":"2025-10-24T06:02:18.450980Z","level":"info","event":" + python-dateutil==2.9.0.post0","logger":"airflow.utils.process_utils","filename":"process_utils.py","lineno":196}
{"timestamp":"2025-10-24T06:02:18.451080Z","level":"info","event":" + python-dotenv==1.1.1","logger":"airflow.utils.process_utils","filename":"process_utils.py","lineno":196}
{"timestamp":"2025-10-24T06:02:18.451194Z","level":"info","event":" + python-multipart==0.0.20","logger":"airflow.utils.process_utils","filename":"process_utils.py","lineno":196}
{"timestamp":"2025-10-24T06:02:18.451307Z","level":"info","event":" + python-slugify==8.0.4","logger":"airflow.utils.process_utils","filename":"process_utils.py","lineno":196}
{"timestamp":"2025-10-24T06:02:18.451410Z","level":"info","event":" + pytz==2025.2","logger":"airflow.utils.process_utils","filename":"process_utils.py","lineno":196}
{"timestamp":"2025-10-24T06:02:18.451514Z","level":"info","event":" + pyyaml==6.0.3","logger":"airflow.utils.process_utils","filename":"process_utils.py","lineno":196}
{"timestamp":"2025-10-24T06:02:18.451690Z","level":"info","event":" + referencing==0.37.0","logger":"airflow.utils.process_utils","filename":"process_utils.py","lineno":196}
{"timestamp":"2025-10-24T06:02:18.451783Z","level":"info","event":" + requests==2.32.5","logger":"airflow.utils.process_utils","filename":"process_utils.py","lineno":196}
{"timestamp":"2025-10-24T06:02:18.451859Z","level":"info","event":" + retryhttp==1.4.0","logger":"airflow.utils.process_utils","filename":"process_utils.py","lineno":196}
{"timestamp":"2025-10-24T06:02:18.451935Z","level":"info","event":" + rich==14.2.0","logger":"airflow.utils.process_utils","filename":"process_utils.py","lineno":196}
{"timestamp":"2025-10-24T06:02:18.452014Z","level":"info","event":" + rich-argparse==1.7.1","logger":"airflow.utils.process_utils","filename":"process_utils.py","lineno":196}
{"timestamp":"2025-10-24T06:02:18.452094Z","level":"info","event":" + rich-toolkit==0.15.1","logger":"airflow.utils.process_utils","filename":"process_utils.py","lineno":196}
{"timestamp":"2025-10-24T06:02:18.452202Z","level":"info","event":" + rpds-py==0.28.0","logger":"airflow.utils.process_utils","filename":"process_utils.py","lineno":196}
{"timestamp":"2025-10-24T06:02:18.452281Z","level":"info","event":" + rsa==4.9.1","logger":"airflow.utils.process_utils","filename":"process_utils.py","lineno":196}
{"timestamp":"2025-10-24T06:02:18.452365Z","level":"info","event":" + scikit-learn==1.7.2","logger":"airflow.utils.process_utils","filename":"process_utils.py","lineno":196}
{"timestamp":"2025-10-24T06:02:18.452441Z","level":"info","event":" + scipy==1.16.2","logger":"airflow.utils.process_utils","filename":"process_utils.py","lineno":196}
{"timestamp":"2025-10-24T06:02:18.452510Z","level":"info","event":" + setproctitle==1.3.7","logger":"airflow.utils.process_utils","filename":"process_utils.py","lineno":196}
{"timestamp":"2025-10-24T06:02:18.452586Z","level":"info","event":" + shellingham==1.5.4","logger":"airflow.utils.process_utils","filename":"process_utils.py","lineno":196}
{"timestamp":"2025-10-24T06:02:18.452660Z","level":"info","event":" + six==1.17.0","logger":"airflow.utils.process_utils","filename":"process_utils.py","lineno":196}
{"timestamp":"2025-10-24T06:02:18.452745Z","level":"info","event":" + smmap==5.0.2","logger":"airflow.utils.process_utils","filename":"process_utils.py","lineno":196}
{"timestamp":"2025-10-24T06:02:18.452826Z","level":"info","event":" + sniffio==1.3.1","logger":"airflow.utils.process_utils","filename":"process_utils.py","lineno":196}
{"timestamp":"2025-10-24T06:02:18.452903Z","level":"info","event":" + sqlalchemy==2.0.44","logger":"airflow.utils.process_utils","filename":"process_utils.py","lineno":196}
{"timestamp":"2025-10-24T06:02:18.452979Z","level":"info","event":" + sqlalchemy-jsonfield==1.0.2","logger":"airflow.utils.process_utils","filename":"process_utils.py","lineno":196}
{"timestamp":"2025-10-24T06:02:18.453059Z","level":"info","event":" + sqlalchemy-utils==0.42.0","logger":"airflow.utils.process_utils","filename":"process_utils.py","lineno":196}
{"timestamp":"2025-10-24T06:02:18.453125Z","level":"info","event":" + sqlparse==0.5.3","logger":"airflow.utils.process_utils","filename":"process_utils.py","lineno":196}
{"timestamp":"2025-10-24T06:02:18.453193Z","level":"info","event":" + starlette==0.48.0","logger":"airflow.utils.process_utils","filename":"process_utils.py","lineno":196}
{"timestamp":"2025-10-24T06:02:18.453282Z","level":"info","event":" + structlog==25.4.0","logger":"airflow.utils.process_utils","filename":"process_utils.py","lineno":196}
{"timestamp":"2025-10-24T06:02:18.453349Z","level":"info","event":" + svcs==25.1.0","logger":"airflow.utils.process_utils","filename":"process_utils.py","lineno":196}
{"timestamp":"2025-10-24T06:02:18.453425Z","level":"info","event":" + tabulate==0.9.0","logger":"airflow.utils.process_utils","filename":"process_utils.py","lineno":196}
{"timestamp":"2025-10-24T06:02:18.453494Z","level":"info","event":" + tenacity==9.1.2","logger":"airflow.utils.process_utils","filename":"process_utils.py","lineno":196}
{"timestamp":"2025-10-24T06:02:18.453558Z","level":"info","event":" + termcolor==3.1.0","logger":"airflow.utils.process_utils","filename":"process_utils.py","lineno":196}
{"timestamp":"2025-10-24T06:02:18.453636Z","level":"info","event":" + text-unidecode==1.3","logger":"airflow.utils.process_utils","filename":"process_utils.py","lineno":196}
{"timestamp":"2025-10-24T06:02:18.453706Z","level":"info","event":" + threadpoolctl==3.6.0","logger":"airflow.utils.process_utils","filename":"process_utils.py","lineno":196}
{"timestamp":"2025-10-24T06:02:18.453783Z","level":"info","event":" + typer==0.20.0","logger":"airflow.utils.process_utils","filename":"process_utils.py","lineno":196}
{"timestamp":"2025-10-24T06:02:18.453873Z","level":"info","event":" + types-requests==2.32.4.20250913","logger":"airflow.utils.process_utils","filename":"process_utils.py","lineno":196}
{"timestamp":"2025-10-24T06:02:18.453946Z","level":"info","event":" + typing-extensions==4.15.0","logger":"airflow.utils.process_utils","filename":"process_utils.py","lineno":196}
{"timestamp":"2025-10-24T06:02:18.454023Z","level":"info","event":" + typing-inspection==0.4.2","logger":"airflow.utils.process_utils","filename":"process_utils.py","lineno":196}
{"timestamp":"2025-10-24T06:02:18.454094Z","level":"info","event":" + tzdata==2025.2","logger":"airflow.utils.process_utils","filename":"process_utils.py","lineno":196}
{"timestamp":"2025-10-24T06:02:18.454189Z","level":"info","event":" + uc-micro-py==1.0.3","logger":"airflow.utils.process_utils","filename":"process_utils.py","lineno":196}
{"timestamp":"2025-10-24T06:02:18.454291Z","level":"info","event":" + universal-pathlib==0.3.4","logger":"airflow.utils.process_utils","filename":"process_utils.py","lineno":196}
{"timestamp":"2025-10-24T06:02:18.454398Z","level":"info","event":" + urllib3==2.5.0","logger":"airflow.utils.process_utils","filename":"process_utils.py","lineno":196}
{"timestamp":"2025-10-24T06:02:18.454484Z","level":"info","event":" + uuid6==2025.0.1","logger":"airflow.utils.process_utils","filename":"process_utils.py","lineno":196}
{"timestamp":"2025-10-24T06:02:18.454554Z","level":"info","event":" + uvicorn==0.38.0","logger":"airflow.utils.process_utils","filename":"process_utils.py","lineno":196}
{"timestamp":"2025-10-24T06:02:18.454626Z","level":"info","event":" + uvloop==0.22.1","logger":"airflow.utils.process_utils","filename":"process_utils.py","lineno":196}
{"timestamp":"2025-10-24T06:02:18.454701Z","level":"info","event":" + watchfiles==1.1.1","logger":"airflow.utils.process_utils","filename":"process_utils.py","lineno":196}
{"timestamp":"2025-10-24T06:02:18.454770Z","level":"info","event":" + websockets==15.0.1","logger":"airflow.utils.process_utils","filename":"process_utils.py","lineno":196}
{"timestamp":"2025-10-24T06:02:18.454855Z","level":"info","event":" + werkzeug==3.1.3","logger":"airflow.utils.process_utils","filename":"process_utils.py","lineno":196}
{"timestamp":"2025-10-24T06:02:18.454930Z","level":"info","event":" + wirerope==1.0.0","logger":"airflow.utils.process_utils","filename":"process_utils.py","lineno":196}
{"timestamp":"2025-10-24T06:02:18.455051Z","level":"info","event":" + wrapt==1.17.3","logger":"airflow.utils.process_utils","filename":"process_utils.py","lineno":196}
{"timestamp":"2025-10-24T06:02:18.455141Z","level":"info","event":" + zipp==3.23.0","logger":"airflow.utils.process_utils","filename":"process_utils.py","lineno":196}
{"timestamp":"2025-10-24T06:02:18.474766Z","level":"info","event":"Executing cmd: /tmp/venvlfg669px/bin/python /tmp/venv-callt3_qhl68/script.py /tmp/venv-callt3_qhl68/script.in /tmp/venv-callt3_qhl68/script.out /tmp/venv-callt3_qhl68/string_args.txt /tmp/venv-callt3_qhl68/termination.log /tmp/venv-callt3_qhl68/airflow_context.json","logger":"airflow.utils.process_utils","filename":"process_utils.py","lineno":188}
{"timestamp":"2025-10-24T06:02:18.475374Z","level":"info","event":"Output:","logger":"airflow.utils.process_utils","filename":"process_utils.py","lineno":192}
{"timestamp":"2025-10-24T06:02:23.569404Z","level":"info","event":"/tmp/venv-callt3_qhl68","logger":"airflow.utils.process_utils","filename":"process_utils.py","lineno":196}
{"timestamp":"2025-10-24T06:02:23.569726Z","level":"info","event":"/usr/python/lib/python312.zip","logger":"airflow.utils.process_utils","filename":"process_utils.py","lineno":196}
{"timestamp":"2025-10-24T06:02:23.569824Z","level":"info","event":"/usr/python/lib/python3.12","logger":"airflow.utils.process_utils","filename":"process_utils.py","lineno":196}
{"timestamp":"2025-10-24T06:02:23.569915Z","level":"info","event":"/usr/python/lib/python3.12/lib-dynload","logger":"airflow.utils.process_utils","filename":"process_utils.py","lineno":196}
{"timestamp":"2025-10-24T06:02:23.570006Z","level":"info","event":"/tmp/venvlfg669px/lib/python3.12/site-packages","logger":"airflow.utils.process_utils","filename":"process_utils.py","lineno":196}
{"timestamp":"2025-10-24T06:02:23.570076Z","level":"info","event":"/opt/airflow/config","logger":"airflow.utils.process_utils","filename":"process_utils.py","lineno":196}
{"timestamp":"2025-10-24T06:02:23.570144Z","level":"info","event":"/opt/airflow/plugins","logger":"airflow.utils.process_utils","filename":"process_utils.py","lineno":196}
{"timestamp":"2025-10-24T06:02:23.570213Z","level":"info","event":"/tmp/venv-callt3_qhl68","logger":"airflow.utils.process_utils","filename":"process_utils.py","lineno":196}
{"timestamp":"2025-10-24T06:02:23.987661Z","level":"warning","event":"Fail to delete /opt/airflow/tmp/venvlfg669px. The directory does not exist.","logger":"airflow.task.operators.airflow.providers.standard.decorators.python_virtualenv._PythonVirtualenvDecoratedOperator","filename":"python.py","lineno":869}
{"timestamp":"2025-10-24T06:02:24.372302Z","level":"info","event":"Done. Returned value was: None","logger":"airflow.task.operators.airflow.providers.standard.decorators.python_virtualenv._PythonVirtualenvDecoratedOperator","filename":"python.py","lineno":218}
