{"timestamp":"2025-10-24T07:51:07.906052Z","level":"info","event":"DAG bundles loaded: dags-folder","logger":"airflow.dag_processing.bundles.manager.DagBundlesManager","filename":"manager.py","lineno":179}
{"timestamp":"2025-10-24T07:51:07.907549Z","level":"info","event":"Filling up the DagBag from /opt/airflow/dags/afluencia/dag_ml_train.py","logger":"airflow.models.dagbag.DagBag","filename":"dagbag.py","lineno":593}
{"timestamp":"2025-10-24T07:51:08.420354Z","level":"info","event":"Executing cmd: uv venv --allow-existing --seed --python python /tmp/venvpgrcqa6f","logger":"airflow.utils.process_utils","filename":"process_utils.py","lineno":188}
{"timestamp":"2025-10-24T07:51:08.421233Z","level":"info","event":"Output:","logger":"airflow.utils.process_utils","filename":"process_utils.py","lineno":192}
{"timestamp":"2025-10-24T07:51:08.433537Z","level":"info","event":"Using CPython 3.12.11 interpreter at: /usr/python/bin/python","logger":"airflow.utils.process_utils","filename":"process_utils.py","lineno":196}
{"timestamp":"2025-10-24T07:51:08.433793Z","level":"info","event":"Creating virtual environment with seed packages at: /tmp/venvpgrcqa6f","logger":"airflow.utils.process_utils","filename":"process_utils.py","lineno":196}
{"timestamp":"2025-10-24T07:51:08.614152Z","level":"info","event":" + pip==25.2","logger":"airflow.utils.process_utils","filename":"process_utils.py","lineno":196}
{"timestamp":"2025-10-24T07:51:08.618389Z","level":"info","event":"Executing cmd: uv pip install --python /tmp/venvpgrcqa6f/bin/python -r /tmp/venvpgrcqa6f/requirements.txt","logger":"airflow.utils.process_utils","filename":"process_utils.py","lineno":188}
{"timestamp":"2025-10-24T07:51:08.619471Z","level":"info","event":"Output:","logger":"airflow.utils.process_utils","filename":"process_utils.py","lineno":192}
{"timestamp":"2025-10-24T07:51:08.830963Z","level":"info","event":"Using Python 3.12.11 environment at: /tmp/venvpgrcqa6f","logger":"airflow.utils.process_utils","filename":"process_utils.py","lineno":196}
{"timestamp":"2025-10-24T07:51:09.266807Z","level":"info","event":"Resolved 79 packages in 434ms","logger":"airflow.utils.process_utils","filename":"process_utils.py","lineno":196}
{"timestamp":"2025-10-24T07:51:09.627387Z","level":"info","event":"Installed 79 packages in 357ms","logger":"airflow.utils.process_utils","filename":"process_utils.py","lineno":196}
{"timestamp":"2025-10-24T07:51:09.627585Z","level":"info","event":" + alembic==1.17.0","logger":"airflow.utils.process_utils","filename":"process_utils.py","lineno":196}
{"timestamp":"2025-10-24T07:51:09.627672Z","level":"info","event":" + annotated-doc==0.0.2","logger":"airflow.utils.process_utils","filename":"process_utils.py","lineno":196}
{"timestamp":"2025-10-24T07:51:09.627769Z","level":"info","event":" + annotated-types==0.7.0","logger":"airflow.utils.process_utils","filename":"process_utils.py","lineno":196}
{"timestamp":"2025-10-24T07:51:09.627841Z","level":"info","event":" + anyio==4.11.0","logger":"airflow.utils.process_utils","filename":"process_utils.py","lineno":196}
{"timestamp":"2025-10-24T07:51:09.627952Z","level":"info","event":" + blinker==1.9.0","logger":"airflow.utils.process_utils","filename":"process_utils.py","lineno":196}
{"timestamp":"2025-10-24T07:51:09.628043Z","level":"info","event":" + cachetools==6.2.1","logger":"airflow.utils.process_utils","filename":"process_utils.py","lineno":196}
{"timestamp":"2025-10-24T07:51:09.628116Z","level":"info","event":" + certifi==2025.10.5","logger":"airflow.utils.process_utils","filename":"process_utils.py","lineno":196}
{"timestamp":"2025-10-24T07:51:09.628183Z","level":"info","event":" + cffi==2.0.0","logger":"airflow.utils.process_utils","filename":"process_utils.py","lineno":196}
{"timestamp":"2025-10-24T07:51:09.628259Z","level":"info","event":" + charset-normalizer==3.4.4","logger":"airflow.utils.process_utils","filename":"process_utils.py","lineno":196}
{"timestamp":"2025-10-24T07:51:09.628337Z","level":"info","event":" + click==8.3.0","logger":"airflow.utils.process_utils","filename":"process_utils.py","lineno":196}
{"timestamp":"2025-10-24T07:51:09.628406Z","level":"info","event":" + cloudpickle==3.1.1","logger":"airflow.utils.process_utils","filename":"process_utils.py","lineno":196}
{"timestamp":"2025-10-24T07:51:09.628474Z","level":"info","event":" + contourpy==1.3.3","logger":"airflow.utils.process_utils","filename":"process_utils.py","lineno":196}
{"timestamp":"2025-10-24T07:51:09.628544Z","level":"info","event":" + cryptography==46.0.3","logger":"airflow.utils.process_utils","filename":"process_utils.py","lineno":196}
{"timestamp":"2025-10-24T07:51:09.628610Z","level":"info","event":" + cycler==0.12.1","logger":"airflow.utils.process_utils","filename":"process_utils.py","lineno":196}
{"timestamp":"2025-10-24T07:51:09.628681Z","level":"info","event":" + databricks-sdk==0.70.0","logger":"airflow.utils.process_utils","filename":"process_utils.py","lineno":196}
{"timestamp":"2025-10-24T07:51:09.628743Z","level":"info","event":" + docker==7.1.0","logger":"airflow.utils.process_utils","filename":"process_utils.py","lineno":196}
{"timestamp":"2025-10-24T07:51:09.628809Z","level":"info","event":" + fastapi==0.120.0","logger":"airflow.utils.process_utils","filename":"process_utils.py","lineno":196}
{"timestamp":"2025-10-24T07:51:09.628892Z","level":"info","event":" + flask==3.1.2","logger":"airflow.utils.process_utils","filename":"process_utils.py","lineno":196}
{"timestamp":"2025-10-24T07:51:09.628971Z","level":"info","event":" + flask-cors==6.0.1","logger":"airflow.utils.process_utils","filename":"process_utils.py","lineno":196}
{"timestamp":"2025-10-24T07:51:09.629042Z","level":"info","event":" + fonttools==4.60.1","logger":"airflow.utils.process_utils","filename":"process_utils.py","lineno":196}
{"timestamp":"2025-10-24T07:51:09.629108Z","level":"info","event":" + gitdb==4.0.12","logger":"airflow.utils.process_utils","filename":"process_utils.py","lineno":196}
{"timestamp":"2025-10-24T07:51:09.629177Z","level":"info","event":" + gitpython==3.1.45","logger":"airflow.utils.process_utils","filename":"process_utils.py","lineno":196}
{"timestamp":"2025-10-24T07:51:09.629247Z","level":"info","event":" + google-auth==2.41.1","logger":"airflow.utils.process_utils","filename":"process_utils.py","lineno":196}
{"timestamp":"2025-10-24T07:51:09.629314Z","level":"info","event":" + graphene==3.4.3","logger":"airflow.utils.process_utils","filename":"process_utils.py","lineno":196}
{"timestamp":"2025-10-24T07:51:09.629383Z","level":"info","event":" + graphql-core==3.2.6","logger":"airflow.utils.process_utils","filename":"process_utils.py","lineno":196}
{"timestamp":"2025-10-24T07:51:09.629452Z","level":"info","event":" + graphql-relay==3.2.0","logger":"airflow.utils.process_utils","filename":"process_utils.py","lineno":196}
{"timestamp":"2025-10-24T07:51:09.629517Z","level":"info","event":" + greenlet==3.2.4","logger":"airflow.utils.process_utils","filename":"process_utils.py","lineno":196}
{"timestamp":"2025-10-24T07:51:09.629583Z","level":"info","event":" + gunicorn==23.0.0","logger":"airflow.utils.process_utils","filename":"process_utils.py","lineno":196}
{"timestamp":"2025-10-24T07:51:09.629645Z","level":"info","event":" + h11==0.16.0","logger":"airflow.utils.process_utils","filename":"process_utils.py","lineno":196}
{"timestamp":"2025-10-24T07:51:09.629707Z","level":"info","event":" + idna==3.11","logger":"airflow.utils.process_utils","filename":"process_utils.py","lineno":196}
{"timestamp":"2025-10-24T07:51:09.629782Z","level":"info","event":" + importlib-metadata==8.7.0","logger":"airflow.utils.process_utils","filename":"process_utils.py","lineno":196}
{"timestamp":"2025-10-24T07:51:09.629863Z","level":"info","event":" + itsdangerous==2.2.0","logger":"airflow.utils.process_utils","filename":"process_utils.py","lineno":196}
{"timestamp":"2025-10-24T07:51:09.629948Z","level":"info","event":" + jinja2==3.1.6","logger":"airflow.utils.process_utils","filename":"process_utils.py","lineno":196}
{"timestamp":"2025-10-24T07:51:09.630076Z","level":"info","event":" + joblib==1.5.2","logger":"airflow.utils.process_utils","filename":"process_utils.py","lineno":196}
{"timestamp":"2025-10-24T07:51:09.630261Z","level":"info","event":" + kiwisolver==1.4.9","logger":"airflow.utils.process_utils","filename":"process_utils.py","lineno":196}
{"timestamp":"2025-10-24T07:51:09.630362Z","level":"info","event":" + mako==1.3.10","logger":"airflow.utils.process_utils","filename":"process_utils.py","lineno":196}
{"timestamp":"2025-10-24T07:51:09.630455Z","level":"info","event":" + markupsafe==3.0.3","logger":"airflow.utils.process_utils","filename":"process_utils.py","lineno":196}
{"timestamp":"2025-10-24T07:51:09.630578Z","level":"info","event":" + matplotlib==3.10.7","logger":"airflow.utils.process_utils","filename":"process_utils.py","lineno":196}
{"timestamp":"2025-10-24T07:51:09.630659Z","level":"info","event":" + mlflow==3.5.1","logger":"airflow.utils.process_utils","filename":"process_utils.py","lineno":196}
{"timestamp":"2025-10-24T07:51:09.630810Z","level":"info","event":" + mlflow-skinny==3.5.1","logger":"airflow.utils.process_utils","filename":"process_utils.py","lineno":196}
{"timestamp":"2025-10-24T07:51:09.630903Z","level":"info","event":" + mlflow-tracing==3.5.1","logger":"airflow.utils.process_utils","filename":"process_utils.py","lineno":196}
{"timestamp":"2025-10-24T07:51:09.630973Z","level":"info","event":" + numpy==2.3.4","logger":"airflow.utils.process_utils","filename":"process_utils.py","lineno":196}
{"timestamp":"2025-10-24T07:51:09.631049Z","level":"info","event":" + opentelemetry-api==1.38.0","logger":"airflow.utils.process_utils","filename":"process_utils.py","lineno":196}
{"timestamp":"2025-10-24T07:51:09.631125Z","level":"info","event":" + opentelemetry-proto==1.38.0","logger":"airflow.utils.process_utils","filename":"process_utils.py","lineno":196}
{"timestamp":"2025-10-24T07:51:09.631200Z","level":"info","event":" + opentelemetry-sdk==1.38.0","logger":"airflow.utils.process_utils","filename":"process_utils.py","lineno":196}
{"timestamp":"2025-10-24T07:51:09.631317Z","level":"info","event":" + opentelemetry-semantic-conventions==0.59b0","logger":"airflow.utils.process_utils","filename":"process_utils.py","lineno":196}
{"timestamp":"2025-10-24T07:51:09.631413Z","level":"info","event":" + packaging==25.0","logger":"airflow.utils.process_utils","filename":"process_utils.py","lineno":196}
{"timestamp":"2025-10-24T07:51:09.631485Z","level":"info","event":" + pandas==2.3.3","logger":"airflow.utils.process_utils","filename":"process_utils.py","lineno":196}
{"timestamp":"2025-10-24T07:51:09.631553Z","level":"info","event":" + pillow==12.0.0","logger":"airflow.utils.process_utils","filename":"process_utils.py","lineno":196}
{"timestamp":"2025-10-24T07:51:09.631621Z","level":"info","event":" + protobuf==6.33.0","logger":"airflow.utils.process_utils","filename":"process_utils.py","lineno":196}
{"timestamp":"2025-10-24T07:51:09.631687Z","level":"info","event":" + pyarrow==21.0.0","logger":"airflow.utils.process_utils","filename":"process_utils.py","lineno":196}
{"timestamp":"2025-10-24T07:51:09.631752Z","level":"info","event":" + pyasn1==0.6.1","logger":"airflow.utils.process_utils","filename":"process_utils.py","lineno":196}
{"timestamp":"2025-10-24T07:51:09.631824Z","level":"info","event":" + pyasn1-modules==0.4.2","logger":"airflow.utils.process_utils","filename":"process_utils.py","lineno":196}
{"timestamp":"2025-10-24T07:51:09.631890Z","level":"info","event":" + pycparser==2.23","logger":"airflow.utils.process_utils","filename":"process_utils.py","lineno":196}
{"timestamp":"2025-10-24T07:51:09.631956Z","level":"info","event":" + pydantic==2.12.3","logger":"airflow.utils.process_utils","filename":"process_utils.py","lineno":196}
{"timestamp":"2025-10-24T07:51:09.632025Z","level":"info","event":" + pydantic-core==2.41.4","logger":"airflow.utils.process_utils","filename":"process_utils.py","lineno":196}
{"timestamp":"2025-10-24T07:51:09.632092Z","level":"info","event":" + pyparsing==3.2.5","logger":"airflow.utils.process_utils","filename":"process_utils.py","lineno":196}
{"timestamp":"2025-10-24T07:51:09.632168Z","level":"info","event":" + python-dateutil==2.9.0.post0","logger":"airflow.utils.process_utils","filename":"process_utils.py","lineno":196}
{"timestamp":"2025-10-24T07:51:09.632237Z","level":"info","event":" + python-dotenv==1.1.1","logger":"airflow.utils.process_utils","filename":"process_utils.py","lineno":196}
{"timestamp":"2025-10-24T07:51:09.632325Z","level":"info","event":" + pytz==2025.2","logger":"airflow.utils.process_utils","filename":"process_utils.py","lineno":196}
{"timestamp":"2025-10-24T07:51:09.632402Z","level":"info","event":" + pyyaml==6.0.3","logger":"airflow.utils.process_utils","filename":"process_utils.py","lineno":196}
{"timestamp":"2025-10-24T07:51:09.632485Z","level":"info","event":" + requests==2.32.5","logger":"airflow.utils.process_utils","filename":"process_utils.py","lineno":196}
{"timestamp":"2025-10-24T07:51:09.632588Z","level":"info","event":" + rsa==4.9.1","logger":"airflow.utils.process_utils","filename":"process_utils.py","lineno":196}
{"timestamp":"2025-10-24T07:51:09.632707Z","level":"info","event":" + scikit-learn==1.7.2","logger":"airflow.utils.process_utils","filename":"process_utils.py","lineno":196}
{"timestamp":"2025-10-24T07:51:09.632788Z","level":"info","event":" + scipy==1.16.2","logger":"airflow.utils.process_utils","filename":"process_utils.py","lineno":196}
{"timestamp":"2025-10-24T07:51:09.632898Z","level":"info","event":" + six==1.17.0","logger":"airflow.utils.process_utils","filename":"process_utils.py","lineno":196}
{"timestamp":"2025-10-24T07:51:09.632995Z","level":"info","event":" + smmap==5.0.2","logger":"airflow.utils.process_utils","filename":"process_utils.py","lineno":196}
{"timestamp":"2025-10-24T07:51:09.633076Z","level":"info","event":" + sniffio==1.3.1","logger":"airflow.utils.process_utils","filename":"process_utils.py","lineno":196}
{"timestamp":"2025-10-24T07:51:09.633149Z","level":"info","event":" + sqlalchemy==2.0.44","logger":"airflow.utils.process_utils","filename":"process_utils.py","lineno":196}
{"timestamp":"2025-10-24T07:51:09.633217Z","level":"info","event":" + sqlparse==0.5.3","logger":"airflow.utils.process_utils","filename":"process_utils.py","lineno":196}
{"timestamp":"2025-10-24T07:51:09.633286Z","level":"info","event":" + starlette==0.48.0","logger":"airflow.utils.process_utils","filename":"process_utils.py","lineno":196}
{"timestamp":"2025-10-24T07:51:09.633394Z","level":"info","event":" + threadpoolctl==3.6.0","logger":"airflow.utils.process_utils","filename":"process_utils.py","lineno":196}
{"timestamp":"2025-10-24T07:51:09.633478Z","level":"info","event":" + typing-extensions==4.15.0","logger":"airflow.utils.process_utils","filename":"process_utils.py","lineno":196}
{"timestamp":"2025-10-24T07:51:09.633554Z","level":"info","event":" + typing-inspection==0.4.2","logger":"airflow.utils.process_utils","filename":"process_utils.py","lineno":196}
{"timestamp":"2025-10-24T07:51:09.633620Z","level":"info","event":" + tzdata==2025.2","logger":"airflow.utils.process_utils","filename":"process_utils.py","lineno":196}
{"timestamp":"2025-10-24T07:51:09.633685Z","level":"info","event":" + urllib3==2.5.0","logger":"airflow.utils.process_utils","filename":"process_utils.py","lineno":196}
{"timestamp":"2025-10-24T07:51:09.633751Z","level":"info","event":" + uvicorn==0.38.0","logger":"airflow.utils.process_utils","filename":"process_utils.py","lineno":196}
{"timestamp":"2025-10-24T07:51:09.633816Z","level":"info","event":" + werkzeug==3.1.3","logger":"airflow.utils.process_utils","filename":"process_utils.py","lineno":196}
{"timestamp":"2025-10-24T07:51:09.633923Z","level":"info","event":" + zipp==3.23.0","logger":"airflow.utils.process_utils","filename":"process_utils.py","lineno":196}
{"timestamp":"2025-10-24T07:51:09.638150Z","level":"info","event":"Use 'pickle' as serializer.","logger":"airflow.task.operators.airflow.providers.standard.decorators.python_virtualenv._PythonVirtualenvDecoratedOperator","filename":"python.py","lineno":509}
{"timestamp":"2025-10-24T07:51:09.655699Z","level":"info","event":"Executing cmd: /tmp/venvpgrcqa6f/bin/python /tmp/venv-calligyqcoyo/script.py /tmp/venv-calligyqcoyo/script.in /tmp/venv-calligyqcoyo/script.out /tmp/venv-calligyqcoyo/string_args.txt /tmp/venv-calligyqcoyo/termination.log /tmp/venv-calligyqcoyo/airflow_context.json","logger":"airflow.utils.process_utils","filename":"process_utils.py","lineno":188}
{"timestamp":"2025-10-24T07:51:09.656543Z","level":"info","event":"Output:","logger":"airflow.utils.process_utils","filename":"process_utils.py","lineno":192}
{"timestamp":"2025-10-24T07:51:17.711961Z","level":"info","event":"2025/10/24 07:51:17 INFO mlflow.tracking.fluent: Experiment with name 'afluencia_forecasting_randomforest' does not exist. Creating a new experiment.","logger":"airflow.utils.process_utils","filename":"process_utils.py","lineno":196}
{"timestamp":"2025-10-24T07:51:25.680671Z","level":"info","event":"2025/10/24 07:51:25 WARNING mlflow.models.model: `artifact_path` is deprecated. Please use `name` instead.","logger":"airflow.utils.process_utils","filename":"process_utils.py","lineno":196}
{"timestamp":"2025-10-24T07:51:29.500852Z","level":"info","event":"\u001b[31m2025/10/24 07:51:29 WARNING mlflow.models.model: Model logged without a signature and input example. Please set `input_example` parameter when logging the model to auto infer the model signature.\u001b[0m","logger":"airflow.utils.process_utils","filename":"process_utils.py","lineno":196}
{"timestamp":"2025-10-24T07:51:30.131161Z","level":"info","event":"🏃 View run funny-rat-786 at: http://mlflow:8080/#/experiments/700807662222384352/runs/35b0ffcf54954f73a140a11d07fcd5a8","logger":"airflow.utils.process_utils","filename":"process_utils.py","lineno":196}
{"timestamp":"2025-10-24T07:51:30.131441Z","level":"info","event":"🧪 View experiment at: http://mlflow:8080/#/experiments/700807662222384352","logger":"airflow.utils.process_utils","filename":"process_utils.py","lineno":196}
{"timestamp":"2025-10-24T07:51:30.567643Z","level":"warning","event":"Fail to delete /opt/airflow/tmp/venvpgrcqa6f. The directory does not exist.","logger":"airflow.task.operators.airflow.providers.standard.decorators.python_virtualenv._PythonVirtualenvDecoratedOperator","filename":"python.py","lineno":869}
{"timestamp":"2025-10-24T07:51:30.871405Z","level":"info","event":"Done. Returned value was: None","logger":"airflow.task.operators.airflow.providers.standard.decorators.python_virtualenv._PythonVirtualenvDecoratedOperator","filename":"python.py","lineno":218}
