{"timestamp":"2025-10-24T05:25:37.550199Z","level":"info","event":"DAG bundles loaded: dags-folder","logger":"airflow.dag_processing.bundles.manager.DagBundlesManager","filename":"manager.py","lineno":179}
{"timestamp":"2025-10-24T05:25:37.551194Z","level":"info","event":"Filling up the DagBag from /opt/airflow/dags/afluencia/dag_ml_train.py","logger":"airflow.models.dagbag.DagBag","filename":"dagbag.py","lineno":593}
{"timestamp":"2025-10-24T05:25:37.614787Z","level":"info","event":"Executing cmd: uv venv --allow-existing --seed --python python /tmp/venvz6bwc8u_","logger":"airflow.utils.process_utils","filename":"process_utils.py","lineno":188}
{"timestamp":"2025-10-24T05:25:37.615791Z","level":"info","event":"Output:","logger":"airflow.utils.process_utils","filename":"process_utils.py","lineno":192}
{"timestamp":"2025-10-24T05:25:37.624621Z","level":"info","event":"Using CPython 3.12.11 interpreter at: /usr/python/bin/python","logger":"airflow.utils.process_utils","filename":"process_utils.py","lineno":196}
{"timestamp":"2025-10-24T05:25:37.624881Z","level":"info","event":"Creating virtual environment with seed packages at: /tmp/venvz6bwc8u_","logger":"airflow.utils.process_utils","filename":"process_utils.py","lineno":196}
{"timestamp":"2025-10-24T05:25:37.679337Z","level":"info","event":" + pip==25.2","logger":"airflow.utils.process_utils","filename":"process_utils.py","lineno":196}
{"timestamp":"2025-10-24T05:25:37.682608Z","level":"info","event":"Executing cmd: uv pip install --python /tmp/venvz6bwc8u_/bin/python -r /tmp/venvz6bwc8u_/requirements.txt","logger":"airflow.utils.process_utils","filename":"process_utils.py","lineno":188}
{"timestamp":"2025-10-24T05:25:37.683299Z","level":"info","event":"Output:","logger":"airflow.utils.process_utils","filename":"process_utils.py","lineno":192}
{"timestamp":"2025-10-24T05:25:37.915671Z","level":"info","event":"Using Python 3.12.11 environment at: /tmp/venvz6bwc8u_","logger":"airflow.utils.process_utils","filename":"process_utils.py","lineno":196}
{"timestamp":"2025-10-24T05:25:37.977322Z","level":"info","event":"Resolved 166 packages in 60ms","logger":"airflow.utils.process_utils","filename":"process_utils.py","lineno":196}
{"timestamp":"2025-10-24T05:25:38.399482Z","level":"info","event":"Installed 166 packages in 416ms","logger":"airflow.utils.process_utils","filename":"process_utils.py","lineno":196}
{"timestamp":"2025-10-24T05:25:38.399733Z","level":"info","event":" + a2wsgi==1.10.10","logger":"airflow.utils.process_utils","filename":"process_utils.py","lineno":196}
{"timestamp":"2025-10-24T05:25:38.399849Z","level":"info","event":" + aiosmtplib==5.0.0","logger":"airflow.utils.process_utils","filename":"process_utils.py","lineno":196}
{"timestamp":"2025-10-24T05:25:38.399956Z","level":"info","event":" + aiosqlite==0.21.0","logger":"airflow.utils.process_utils","filename":"process_utils.py","lineno":196}
{"timestamp":"2025-10-24T05:25:38.400075Z","level":"info","event":" + alembic==1.17.0","logger":"airflow.utils.process_utils","filename":"process_utils.py","lineno":196}
{"timestamp":"2025-10-24T05:25:38.400183Z","level":"info","event":" + annotated-doc==0.0.2","logger":"airflow.utils.process_utils","filename":"process_utils.py","lineno":196}
{"timestamp":"2025-10-24T05:25:38.400266Z","level":"info","event":" + annotated-types==0.7.0","logger":"airflow.utils.process_utils","filename":"process_utils.py","lineno":196}
{"timestamp":"2025-10-24T05:25:38.400343Z","level":"info","event":" + anyio==4.11.0","logger":"airflow.utils.process_utils","filename":"process_utils.py","lineno":196}
{"timestamp":"2025-10-24T05:25:38.400416Z","level":"info","event":" + apache-airflow==3.1.0","logger":"airflow.utils.process_utils","filename":"process_utils.py","lineno":196}
{"timestamp":"2025-10-24T05:25:38.400491Z","level":"info","event":" + apache-airflow-core==3.1.0","logger":"airflow.utils.process_utils","filename":"process_utils.py","lineno":196}
{"timestamp":"2025-10-24T05:25:38.400580Z","level":"info","event":" + apache-airflow-providers-common-compat==1.7.4","logger":"airflow.utils.process_utils","filename":"process_utils.py","lineno":196}
{"timestamp":"2025-10-24T05:25:38.400667Z","level":"info","event":" + apache-airflow-providers-common-io==1.6.3","logger":"airflow.utils.process_utils","filename":"process_utils.py","lineno":196}
{"timestamp":"2025-10-24T05:25:38.400753Z","level":"info","event":" + apache-airflow-providers-common-sql==1.28.1","logger":"airflow.utils.process_utils","filename":"process_utils.py","lineno":196}
{"timestamp":"2025-10-24T05:25:38.400837Z","level":"info","event":" + apache-airflow-providers-postgres==6.3.0","logger":"airflow.utils.process_utils","filename":"process_utils.py","lineno":196}
{"timestamp":"2025-10-24T05:25:38.400917Z","level":"info","event":" + apache-airflow-providers-smtp==2.3.1","logger":"airflow.utils.process_utils","filename":"process_utils.py","lineno":196}
{"timestamp":"2025-10-24T05:25:38.401083Z","level":"info","event":" + apache-airflow-providers-standard==1.9.0","logger":"airflow.utils.process_utils","filename":"process_utils.py","lineno":196}
{"timestamp":"2025-10-24T05:25:38.401207Z","level":"info","event":" + apache-airflow-task-sdk==1.1.0","logger":"airflow.utils.process_utils","filename":"process_utils.py","lineno":196}
{"timestamp":"2025-10-24T05:25:38.401293Z","level":"info","event":" + argcomplete==3.6.3","logger":"airflow.utils.process_utils","filename":"process_utils.py","lineno":196}
{"timestamp":"2025-10-24T05:25:38.401371Z","level":"info","event":" + asgiref==3.10.0","logger":"airflow.utils.process_utils","filename":"process_utils.py","lineno":196}
{"timestamp":"2025-10-24T05:25:38.401447Z","level":"info","event":" + asyncpg==0.30.0","logger":"airflow.utils.process_utils","filename":"process_utils.py","lineno":196}
{"timestamp":"2025-10-24T05:25:38.401518Z","level":"info","event":" + attrs==25.4.0","logger":"airflow.utils.process_utils","filename":"process_utils.py","lineno":196}
{"timestamp":"2025-10-24T05:25:38.401589Z","level":"info","event":" + blinker==1.9.0","logger":"airflow.utils.process_utils","filename":"process_utils.py","lineno":196}
{"timestamp":"2025-10-24T05:25:38.401660Z","level":"info","event":" + cachetools==6.2.1","logger":"airflow.utils.process_utils","filename":"process_utils.py","lineno":196}
{"timestamp":"2025-10-24T05:25:38.401728Z","level":"info","event":" + cadwyn==5.6.0","logger":"airflow.utils.process_utils","filename":"process_utils.py","lineno":196}
{"timestamp":"2025-10-24T05:25:38.401799Z","level":"info","event":" + certifi==2025.10.5","logger":"airflow.utils.process_utils","filename":"process_utils.py","lineno":196}
{"timestamp":"2025-10-24T05:25:38.401936Z","level":"info","event":" + cffi==2.0.0","logger":"airflow.utils.process_utils","filename":"process_utils.py","lineno":196}
{"timestamp":"2025-10-24T05:25:38.402053Z","level":"info","event":" + charset-normalizer==3.4.4","logger":"airflow.utils.process_utils","filename":"process_utils.py","lineno":196}
{"timestamp":"2025-10-24T05:25:38.402148Z","level":"info","event":" + click==8.3.0","logger":"airflow.utils.process_utils","filename":"process_utils.py","lineno":196}
{"timestamp":"2025-10-24T05:25:38.402244Z","level":"info","event":" + cloudpickle==3.1.1","logger":"airflow.utils.process_utils","filename":"process_utils.py","lineno":196}
{"timestamp":"2025-10-24T05:25:38.402339Z","level":"info","event":" + colorlog==6.10.1","logger":"airflow.utils.process_utils","filename":"process_utils.py","lineno":196}
{"timestamp":"2025-10-24T05:25:38.402434Z","level":"info","event":" + contourpy==1.3.3","logger":"airflow.utils.process_utils","filename":"process_utils.py","lineno":196}
{"timestamp":"2025-10-24T05:25:38.402547Z","level":"info","event":" + cron-descriptor==2.0.6","logger":"airflow.utils.process_utils","filename":"process_utils.py","lineno":196}
{"timestamp":"2025-10-24T05:25:38.402695Z","level":"info","event":" + croniter==6.0.0","logger":"airflow.utils.process_utils","filename":"process_utils.py","lineno":196}
{"timestamp":"2025-10-24T05:25:38.402961Z","level":"info","event":" + cryptography==46.0.3","logger":"airflow.utils.process_utils","filename":"process_utils.py","lineno":196}
{"timestamp":"2025-10-24T05:25:38.403054Z","level":"info","event":" + cycler==0.12.1","logger":"airflow.utils.process_utils","filename":"process_utils.py","lineno":196}
{"timestamp":"2025-10-24T05:25:38.403149Z","level":"info","event":" + databricks-sdk==0.70.0","logger":"airflow.utils.process_utils","filename":"process_utils.py","lineno":196}
{"timestamp":"2025-10-24T05:25:38.403242Z","level":"info","event":" + deprecated==1.2.18","logger":"airflow.utils.process_utils","filename":"process_utils.py","lineno":196}
{"timestamp":"2025-10-24T05:25:38.403328Z","level":"info","event":" + dill==0.4.0","logger":"airflow.utils.process_utils","filename":"process_utils.py","lineno":196}
{"timestamp":"2025-10-24T05:25:38.403427Z","level":"info","event":" + dnspython==2.8.0","logger":"airflow.utils.process_utils","filename":"process_utils.py","lineno":196}
{"timestamp":"2025-10-24T05:25:38.403514Z","level":"info","event":" + docker==7.1.0","logger":"airflow.utils.process_utils","filename":"process_utils.py","lineno":196}
{"timestamp":"2025-10-24T05:25:38.403613Z","level":"info","event":" + email-validator==2.3.0","logger":"airflow.utils.process_utils","filename":"process_utils.py","lineno":196}
{"timestamp":"2025-10-24T05:25:38.403717Z","level":"info","event":" + fastapi==0.120.0","logger":"airflow.utils.process_utils","filename":"process_utils.py","lineno":196}
{"timestamp":"2025-10-24T05:25:38.403812Z","level":"info","event":" + fastapi-cli==0.0.14","logger":"airflow.utils.process_utils","filename":"process_utils.py","lineno":196}
{"timestamp":"2025-10-24T05:25:38.403910Z","level":"info","event":" + flask==3.1.2","logger":"airflow.utils.process_utils","filename":"process_utils.py","lineno":196}
{"timestamp":"2025-10-24T05:25:38.404008Z","level":"info","event":" + flask-cors==6.0.1","logger":"airflow.utils.process_utils","filename":"process_utils.py","lineno":196}
{"timestamp":"2025-10-24T05:25:38.404101Z","level":"info","event":" + fonttools==4.60.1","logger":"airflow.utils.process_utils","filename":"process_utils.py","lineno":196}
{"timestamp":"2025-10-24T05:25:38.404187Z","level":"info","event":" + fsspec==2025.9.0","logger":"airflow.utils.process_utils","filename":"process_utils.py","lineno":196}
{"timestamp":"2025-10-24T05:25:38.404271Z","level":"info","event":" + gitdb==4.0.12","logger":"airflow.utils.process_utils","filename":"process_utils.py","lineno":196}
{"timestamp":"2025-10-24T05:25:38.404356Z","level":"info","event":" + gitpython==3.1.45","logger":"airflow.utils.process_utils","filename":"process_utils.py","lineno":196}
{"timestamp":"2025-10-24T05:25:38.404443Z","level":"info","event":" + google-auth==2.41.1","logger":"airflow.utils.process_utils","filename":"process_utils.py","lineno":196}
{"timestamp":"2025-10-24T05:25:38.404542Z","level":"info","event":" + googleapis-common-protos==1.71.0","logger":"airflow.utils.process_utils","filename":"process_utils.py","lineno":196}
{"timestamp":"2025-10-24T05:25:38.404630Z","level":"info","event":" + graphene==3.4.3","logger":"airflow.utils.process_utils","filename":"process_utils.py","lineno":196}
{"timestamp":"2025-10-24T05:25:38.404724Z","level":"info","event":" + graphql-core==3.2.6","logger":"airflow.utils.process_utils","filename":"process_utils.py","lineno":196}
{"timestamp":"2025-10-24T05:25:38.404849Z","level":"info","event":" + graphql-relay==3.2.0","logger":"airflow.utils.process_utils","filename":"process_utils.py","lineno":196}
{"timestamp":"2025-10-24T05:25:38.404950Z","level":"info","event":" + greenback==1.2.1","logger":"airflow.utils.process_utils","filename":"process_utils.py","lineno":196}
{"timestamp":"2025-10-24T05:25:38.405043Z","level":"info","event":" + greenlet==3.2.4","logger":"airflow.utils.process_utils","filename":"process_utils.py","lineno":196}
{"timestamp":"2025-10-24T05:25:38.405157Z","level":"info","event":" + grpcio==1.76.0","logger":"airflow.utils.process_utils","filename":"process_utils.py","lineno":196}
{"timestamp":"2025-10-24T05:25:38.405258Z","level":"info","event":" + gunicorn==23.0.0","logger":"airflow.utils.process_utils","filename":"process_utils.py","lineno":196}
{"timestamp":"2025-10-24T05:25:38.405342Z","level":"info","event":" + h11==0.16.0","logger":"airflow.utils.process_utils","filename":"process_utils.py","lineno":196}
{"timestamp":"2025-10-24T05:25:38.405430Z","level":"info","event":" + httpcore==1.0.9","logger":"airflow.utils.process_utils","filename":"process_utils.py","lineno":196}
{"timestamp":"2025-10-24T05:25:38.405519Z","level":"info","event":" + httptools==0.7.1","logger":"airflow.utils.process_utils","filename":"process_utils.py","lineno":196}
{"timestamp":"2025-10-24T05:25:38.405605Z","level":"info","event":" + httpx==0.28.1","logger":"airflow.utils.process_utils","filename":"process_utils.py","lineno":196}
{"timestamp":"2025-10-24T05:25:38.405704Z","level":"info","event":" + idna==3.11","logger":"airflow.utils.process_utils","filename":"process_utils.py","lineno":196}
{"timestamp":"2025-10-24T05:25:38.405805Z","level":"info","event":" + importlib-metadata==8.7.0","logger":"airflow.utils.process_utils","filename":"process_utils.py","lineno":196}
{"timestamp":"2025-10-24T05:25:38.405900Z","level":"info","event":" + itsdangerous==2.2.0","logger":"airflow.utils.process_utils","filename":"process_utils.py","lineno":196}
{"timestamp":"2025-10-24T05:25:38.405984Z","level":"info","event":" + jinja2==3.1.6","logger":"airflow.utils.process_utils","filename":"process_utils.py","lineno":196}
{"timestamp":"2025-10-24T05:25:38.406064Z","level":"info","event":" + joblib==1.5.2","logger":"airflow.utils.process_utils","filename":"process_utils.py","lineno":196}
{"timestamp":"2025-10-24T05:25:38.406151Z","level":"info","event":" + jsonschema==4.25.1","logger":"airflow.utils.process_utils","filename":"process_utils.py","lineno":196}
{"timestamp":"2025-10-24T05:25:38.406284Z","level":"info","event":" + jsonschema-specifications==2025.9.1","logger":"airflow.utils.process_utils","filename":"process_utils.py","lineno":196}
{"timestamp":"2025-10-24T05:25:38.406379Z","level":"info","event":" + kiwisolver==1.4.9","logger":"airflow.utils.process_utils","filename":"process_utils.py","lineno":196}
{"timestamp":"2025-10-24T05:25:38.406474Z","level":"info","event":" + lazy-object-proxy==1.12.0","logger":"airflow.utils.process_utils","filename":"process_utils.py","lineno":196}
{"timestamp":"2025-10-24T05:25:38.406558Z","level":"info","event":" + libcst==1.8.5","logger":"airflow.utils.process_utils","filename":"process_utils.py","lineno":196}
{"timestamp":"2025-10-24T05:25:38.406652Z","level":"info","event":" + linkify-it-py==2.0.3","logger":"airflow.utils.process_utils","filename":"process_utils.py","lineno":196}
{"timestamp":"2025-10-24T05:25:38.406739Z","level":"info","event":" + lockfile==0.12.2","logger":"airflow.utils.process_utils","filename":"process_utils.py","lineno":196}
{"timestamp":"2025-10-24T05:25:38.406857Z","level":"info","event":" + mako==1.3.10","logger":"airflow.utils.process_utils","filename":"process_utils.py","lineno":196}
{"timestamp":"2025-10-24T05:25:38.406959Z","level":"info","event":" + markdown-it-py==4.0.0","logger":"airflow.utils.process_utils","filename":"process_utils.py","lineno":196}
{"timestamp":"2025-10-24T05:25:38.407052Z","level":"info","event":" + markupsafe==3.0.3","logger":"airflow.utils.process_utils","filename":"process_utils.py","lineno":196}
{"timestamp":"2025-10-24T05:25:38.407144Z","level":"info","event":" + matplotlib==3.10.7","logger":"airflow.utils.process_utils","filename":"process_utils.py","lineno":196}
{"timestamp":"2025-10-24T05:25:38.407227Z","level":"info","event":" + mdurl==0.1.2","logger":"airflow.utils.process_utils","filename":"process_utils.py","lineno":196}
{"timestamp":"2025-10-24T05:25:38.407316Z","level":"info","event":" + methodtools==0.4.7","logger":"airflow.utils.process_utils","filename":"process_utils.py","lineno":196}
{"timestamp":"2025-10-24T05:25:38.407397Z","level":"info","event":" + mlflow==3.5.1","logger":"airflow.utils.process_utils","filename":"process_utils.py","lineno":196}
{"timestamp":"2025-10-24T05:25:38.407490Z","level":"info","event":" + mlflow-skinny==3.5.1","logger":"airflow.utils.process_utils","filename":"process_utils.py","lineno":196}
{"timestamp":"2025-10-24T05:25:38.407587Z","level":"info","event":" + mlflow-tracing==3.5.1","logger":"airflow.utils.process_utils","filename":"process_utils.py","lineno":196}
{"timestamp":"2025-10-24T05:25:38.407696Z","level":"info","event":" + more-itertools==10.8.0","logger":"airflow.utils.process_utils","filename":"process_utils.py","lineno":196}
{"timestamp":"2025-10-24T05:25:38.407796Z","level":"info","event":" + msgspec==0.19.0","logger":"airflow.utils.process_utils","filename":"process_utils.py","lineno":196}
{"timestamp":"2025-10-24T05:25:38.407886Z","level":"info","event":" + natsort==8.4.0","logger":"airflow.utils.process_utils","filename":"process_utils.py","lineno":196}
{"timestamp":"2025-10-24T05:25:38.407972Z","level":"info","event":" + numpy==2.3.4","logger":"airflow.utils.process_utils","filename":"process_utils.py","lineno":196}
{"timestamp":"2025-10-24T05:25:38.408070Z","level":"info","event":" + opentelemetry-api==1.38.0","logger":"airflow.utils.process_utils","filename":"process_utils.py","lineno":196}
{"timestamp":"2025-10-24T05:25:38.408176Z","level":"info","event":" + opentelemetry-exporter-otlp==1.38.0","logger":"airflow.utils.process_utils","filename":"process_utils.py","lineno":196}
{"timestamp":"2025-10-24T05:25:38.408299Z","level":"info","event":" + opentelemetry-exporter-otlp-proto-common==1.38.0","logger":"airflow.utils.process_utils","filename":"process_utils.py","lineno":196}
{"timestamp":"2025-10-24T05:25:38.408427Z","level":"info","event":" + opentelemetry-exporter-otlp-proto-grpc==1.38.0","logger":"airflow.utils.process_utils","filename":"process_utils.py","lineno":196}
{"timestamp":"2025-10-24T05:25:38.408548Z","level":"info","event":" + opentelemetry-exporter-otlp-proto-http==1.38.0","logger":"airflow.utils.process_utils","filename":"process_utils.py","lineno":196}
{"timestamp":"2025-10-24T05:25:38.408648Z","level":"info","event":" + opentelemetry-proto==1.38.0","logger":"airflow.utils.process_utils","filename":"process_utils.py","lineno":196}
{"timestamp":"2025-10-24T05:25:38.408744Z","level":"info","event":" + opentelemetry-sdk==1.38.0","logger":"airflow.utils.process_utils","filename":"process_utils.py","lineno":196}
{"timestamp":"2025-10-24T05:25:38.408900Z","level":"info","event":" + opentelemetry-semantic-conventions==0.59b0","logger":"airflow.utils.process_utils","filename":"process_utils.py","lineno":196}
{"timestamp":"2025-10-24T05:25:38.409005Z","level":"info","event":" + outcome==1.3.0.post0","logger":"airflow.utils.process_utils","filename":"process_utils.py","lineno":196}
{"timestamp":"2025-10-24T05:25:38.409100Z","level":"info","event":" + packaging==25.0","logger":"airflow.utils.process_utils","filename":"process_utils.py","lineno":196}
{"timestamp":"2025-10-24T05:25:38.409187Z","level":"info","event":" + pandas==2.3.3","logger":"airflow.utils.process_utils","filename":"process_utils.py","lineno":196}
{"timestamp":"2025-10-24T05:25:38.409278Z","level":"info","event":" + pathlib-abc==0.5.2","logger":"airflow.utils.process_utils","filename":"process_utils.py","lineno":196}
{"timestamp":"2025-10-24T05:25:38.409367Z","level":"info","event":" + pathspec==0.12.1","logger":"airflow.utils.process_utils","filename":"process_utils.py","lineno":196}
{"timestamp":"2025-10-24T05:25:38.409454Z","level":"info","event":" + pendulum==3.1.0","logger":"airflow.utils.process_utils","filename":"process_utils.py","lineno":196}
{"timestamp":"2025-10-24T05:25:38.409546Z","level":"info","event":" + pillow==12.0.0","logger":"airflow.utils.process_utils","filename":"process_utils.py","lineno":196}
{"timestamp":"2025-10-24T05:25:38.409637Z","level":"info","event":" + pluggy==1.6.0","logger":"airflow.utils.process_utils","filename":"process_utils.py","lineno":196}
{"timestamp":"2025-10-24T05:25:38.409745Z","level":"info","event":" + protobuf==6.33.0","logger":"airflow.utils.process_utils","filename":"process_utils.py","lineno":196}
{"timestamp":"2025-10-24T05:25:38.409838Z","level":"info","event":" + psutil==7.1.1","logger":"airflow.utils.process_utils","filename":"process_utils.py","lineno":196}
{"timestamp":"2025-10-24T05:25:38.409936Z","level":"info","event":" + psycopg2-binary==2.9.11","logger":"airflow.utils.process_utils","filename":"process_utils.py","lineno":196}
{"timestamp":"2025-10-24T05:25:38.410029Z","level":"info","event":" + pyarrow==21.0.0","logger":"airflow.utils.process_utils","filename":"process_utils.py","lineno":196}
{"timestamp":"2025-10-24T05:25:38.410117Z","level":"info","event":" + pyasn1==0.6.1","logger":"airflow.utils.process_utils","filename":"process_utils.py","lineno":196}
{"timestamp":"2025-10-24T05:25:38.410215Z","level":"info","event":" + pyasn1-modules==0.4.2","logger":"airflow.utils.process_utils","filename":"process_utils.py","lineno":196}
{"timestamp":"2025-10-24T05:25:38.410307Z","level":"info","event":" + pycparser==2.23","logger":"airflow.utils.process_utils","filename":"process_utils.py","lineno":196}
{"timestamp":"2025-10-24T05:25:38.410400Z","level":"info","event":" + pydantic==2.12.3","logger":"airflow.utils.process_utils","filename":"process_utils.py","lineno":196}
{"timestamp":"2025-10-24T05:25:38.410499Z","level":"info","event":" + pydantic-core==2.41.4","logger":"airflow.utils.process_utils","filename":"process_utils.py","lineno":196}
{"timestamp":"2025-10-24T05:25:38.410592Z","level":"info","event":" + pygments==2.19.2","logger":"airflow.utils.process_utils","filename":"process_utils.py","lineno":196}
{"timestamp":"2025-10-24T05:25:38.410684Z","level":"info","event":" + pygtrie==2.5.0","logger":"airflow.utils.process_utils","filename":"process_utils.py","lineno":196}
{"timestamp":"2025-10-24T05:25:38.410777Z","level":"info","event":" + pyjwt==2.10.1","logger":"airflow.utils.process_utils","filename":"process_utils.py","lineno":196}
{"timestamp":"2025-10-24T05:25:38.410900Z","level":"info","event":" + pyparsing==3.2.5","logger":"airflow.utils.process_utils","filename":"process_utils.py","lineno":196}
{"timestamp":"2025-10-24T05:25:38.411002Z","level":"info","event":" + python-daemon==3.1.2","logger":"airflow.utils.process_utils","filename":"process_utils.py","lineno":196}
{"timestamp":"2025-10-24T05:25:38.411109Z","level":"info","event":" + python-dateutil==2.9.0.post0","logger":"airflow.utils.process_utils","filename":"process_utils.py","lineno":196}
{"timestamp":"2025-10-24T05:25:38.411206Z","level":"info","event":" + python-dotenv==1.1.1","logger":"airflow.utils.process_utils","filename":"process_utils.py","lineno":196}
{"timestamp":"2025-10-24T05:25:38.411306Z","level":"info","event":" + python-multipart==0.0.20","logger":"airflow.utils.process_utils","filename":"process_utils.py","lineno":196}
{"timestamp":"2025-10-24T05:25:38.411403Z","level":"info","event":" + python-slugify==8.0.4","logger":"airflow.utils.process_utils","filename":"process_utils.py","lineno":196}
{"timestamp":"2025-10-24T05:25:38.411492Z","level":"info","event":" + pytz==2025.2","logger":"airflow.utils.process_utils","filename":"process_utils.py","lineno":196}
{"timestamp":"2025-10-24T05:25:38.411580Z","level":"info","event":" + pyyaml==6.0.3","logger":"airflow.utils.process_utils","filename":"process_utils.py","lineno":196}
{"timestamp":"2025-10-24T05:25:38.411681Z","level":"info","event":" + referencing==0.37.0","logger":"airflow.utils.process_utils","filename":"process_utils.py","lineno":196}
{"timestamp":"2025-10-24T05:25:38.411782Z","level":"info","event":" + requests==2.32.5","logger":"airflow.utils.process_utils","filename":"process_utils.py","lineno":196}
{"timestamp":"2025-10-24T05:25:38.411903Z","level":"info","event":" + retryhttp==1.4.0","logger":"airflow.utils.process_utils","filename":"process_utils.py","lineno":196}
{"timestamp":"2025-10-24T05:25:38.411991Z","level":"info","event":" + rich==14.2.0","logger":"airflow.utils.process_utils","filename":"process_utils.py","lineno":196}
{"timestamp":"2025-10-24T05:25:38.412086Z","level":"info","event":" + rich-argparse==1.7.1","logger":"airflow.utils.process_utils","filename":"process_utils.py","lineno":196}
{"timestamp":"2025-10-24T05:25:38.412177Z","level":"info","event":" + rich-toolkit==0.15.1","logger":"airflow.utils.process_utils","filename":"process_utils.py","lineno":196}
{"timestamp":"2025-10-24T05:25:38.412266Z","level":"info","event":" + rpds-py==0.28.0","logger":"airflow.utils.process_utils","filename":"process_utils.py","lineno":196}
{"timestamp":"2025-10-24T05:25:38.412352Z","level":"info","event":" + rsa==4.9.1","logger":"airflow.utils.process_utils","filename":"process_utils.py","lineno":196}
{"timestamp":"2025-10-24T05:25:38.412477Z","level":"info","event":" + scikit-learn==1.7.2","logger":"airflow.utils.process_utils","filename":"process_utils.py","lineno":196}
{"timestamp":"2025-10-24T05:25:38.412578Z","level":"info","event":" + scipy==1.16.2","logger":"airflow.utils.process_utils","filename":"process_utils.py","lineno":196}
{"timestamp":"2025-10-24T05:25:38.412677Z","level":"info","event":" + setproctitle==1.3.7","logger":"airflow.utils.process_utils","filename":"process_utils.py","lineno":196}
{"timestamp":"2025-10-24T05:25:38.412774Z","level":"info","event":" + shellingham==1.5.4","logger":"airflow.utils.process_utils","filename":"process_utils.py","lineno":196}
{"timestamp":"2025-10-24T05:25:38.412892Z","level":"info","event":" + six==1.17.0","logger":"airflow.utils.process_utils","filename":"process_utils.py","lineno":196}
{"timestamp":"2025-10-24T05:25:38.412988Z","level":"info","event":" + smmap==5.0.2","logger":"airflow.utils.process_utils","filename":"process_utils.py","lineno":196}
{"timestamp":"2025-10-24T05:25:38.413076Z","level":"info","event":" + sniffio==1.3.1","logger":"airflow.utils.process_utils","filename":"process_utils.py","lineno":196}
{"timestamp":"2025-10-24T05:25:38.413167Z","level":"info","event":" + sqlalchemy==2.0.44","logger":"airflow.utils.process_utils","filename":"process_utils.py","lineno":196}
{"timestamp":"2025-10-24T05:25:38.413270Z","level":"info","event":" + sqlalchemy-jsonfield==1.0.2","logger":"airflow.utils.process_utils","filename":"process_utils.py","lineno":196}
{"timestamp":"2025-10-24T05:25:38.413369Z","level":"info","event":" + sqlalchemy-utils==0.42.0","logger":"airflow.utils.process_utils","filename":"process_utils.py","lineno":196}
{"timestamp":"2025-10-24T05:25:38.413458Z","level":"info","event":" + sqlparse==0.5.3","logger":"airflow.utils.process_utils","filename":"process_utils.py","lineno":196}
{"timestamp":"2025-10-24T05:25:38.413548Z","level":"info","event":" + starlette==0.48.0","logger":"airflow.utils.process_utils","filename":"process_utils.py","lineno":196}
{"timestamp":"2025-10-24T05:25:38.413634Z","level":"info","event":" + structlog==25.4.0","logger":"airflow.utils.process_utils","filename":"process_utils.py","lineno":196}
{"timestamp":"2025-10-24T05:25:38.413736Z","level":"info","event":" + svcs==25.1.0","logger":"airflow.utils.process_utils","filename":"process_utils.py","lineno":196}
{"timestamp":"2025-10-24T05:25:38.413832Z","level":"info","event":" + tabulate==0.9.0","logger":"airflow.utils.process_utils","filename":"process_utils.py","lineno":196}
{"timestamp":"2025-10-24T05:25:38.413924Z","level":"info","event":" + tenacity==9.1.2","logger":"airflow.utils.process_utils","filename":"process_utils.py","lineno":196}
{"timestamp":"2025-10-24T05:25:38.414016Z","level":"info","event":" + termcolor==3.1.0","logger":"airflow.utils.process_utils","filename":"process_utils.py","lineno":196}
{"timestamp":"2025-10-24T05:25:38.414111Z","level":"info","event":" + text-unidecode==1.3","logger":"airflow.utils.process_utils","filename":"process_utils.py","lineno":196}
{"timestamp":"2025-10-24T05:25:38.414206Z","level":"info","event":" + threadpoolctl==3.6.0","logger":"airflow.utils.process_utils","filename":"process_utils.py","lineno":196}
{"timestamp":"2025-10-24T05:25:38.414292Z","level":"info","event":" + typer==0.20.0","logger":"airflow.utils.process_utils","filename":"process_utils.py","lineno":196}
{"timestamp":"2025-10-24T05:25:38.414399Z","level":"info","event":" + types-requests==2.32.4.20250913","logger":"airflow.utils.process_utils","filename":"process_utils.py","lineno":196}
{"timestamp":"2025-10-24T05:25:38.414499Z","level":"info","event":" + typing-extensions==4.15.0","logger":"airflow.utils.process_utils","filename":"process_utils.py","lineno":196}
{"timestamp":"2025-10-24T05:25:38.414599Z","level":"info","event":" + typing-inspection==0.4.2","logger":"airflow.utils.process_utils","filename":"process_utils.py","lineno":196}
{"timestamp":"2025-10-24T05:25:38.414686Z","level":"info","event":" + tzdata==2025.2","logger":"airflow.utils.process_utils","filename":"process_utils.py","lineno":196}
{"timestamp":"2025-10-24T05:25:38.414778Z","level":"info","event":" + uc-micro-py==1.0.3","logger":"airflow.utils.process_utils","filename":"process_utils.py","lineno":196}
{"timestamp":"2025-10-24T05:25:38.414908Z","level":"info","event":" + universal-pathlib==0.3.4","logger":"airflow.utils.process_utils","filename":"process_utils.py","lineno":196}
{"timestamp":"2025-10-24T05:25:38.415008Z","level":"info","event":" + urllib3==2.5.0","logger":"airflow.utils.process_utils","filename":"process_utils.py","lineno":196}
{"timestamp":"2025-10-24T05:25:38.415096Z","level":"info","event":" + uuid6==2025.0.1","logger":"airflow.utils.process_utils","filename":"process_utils.py","lineno":196}
{"timestamp":"2025-10-24T05:25:38.415184Z","level":"info","event":" + uvicorn==0.38.0","logger":"airflow.utils.process_utils","filename":"process_utils.py","lineno":196}
{"timestamp":"2025-10-24T05:25:38.415274Z","level":"info","event":" + uvloop==0.22.1","logger":"airflow.utils.process_utils","filename":"process_utils.py","lineno":196}
{"timestamp":"2025-10-24T05:25:38.415366Z","level":"info","event":" + watchfiles==1.1.1","logger":"airflow.utils.process_utils","filename":"process_utils.py","lineno":196}
{"timestamp":"2025-10-24T05:25:38.415457Z","level":"info","event":" + websockets==15.0.1","logger":"airflow.utils.process_utils","filename":"process_utils.py","lineno":196}
{"timestamp":"2025-10-24T05:25:38.415548Z","level":"info","event":" + werkzeug==3.1.3","logger":"airflow.utils.process_utils","filename":"process_utils.py","lineno":196}
{"timestamp":"2025-10-24T05:25:38.415640Z","level":"info","event":" + wirerope==1.0.0","logger":"airflow.utils.process_utils","filename":"process_utils.py","lineno":196}
{"timestamp":"2025-10-24T05:25:38.415737Z","level":"info","event":" + wrapt==1.17.3","logger":"airflow.utils.process_utils","filename":"process_utils.py","lineno":196}
{"timestamp":"2025-10-24T05:25:38.415830Z","level":"info","event":" + zipp==3.23.0","logger":"airflow.utils.process_utils","filename":"process_utils.py","lineno":196}
{"timestamp":"2025-10-24T05:25:38.434233Z","level":"info","event":"Executing cmd: /tmp/venvz6bwc8u_/bin/python /tmp/venv-callq28mn1f_/script.py /tmp/venv-callq28mn1f_/script.in /tmp/venv-callq28mn1f_/script.out /tmp/venv-callq28mn1f_/string_args.txt /tmp/venv-callq28mn1f_/termination.log /tmp/venv-callq28mn1f_/airflow_context.json","logger":"airflow.utils.process_utils","filename":"process_utils.py","lineno":188}
{"timestamp":"2025-10-24T05:25:38.434855Z","level":"info","event":"Output:","logger":"airflow.utils.process_utils","filename":"process_utils.py","lineno":192}
{"timestamp":"2025-10-24T05:25:43.665708Z","level":"info","event":"Traceback (most recent call last):","logger":"airflow.utils.process_utils","filename":"process_utils.py","lineno":196}
{"timestamp":"2025-10-24T05:25:43.665921Z","level":"info","event":"  File \"/tmp/venv-callq28mn1f_/script.py\", line 64, in <module>","logger":"airflow.utils.process_utils","filename":"process_utils.py","lineno":196}
{"timestamp":"2025-10-24T05:25:43.666039Z","level":"info","event":"    res = train_model(*arg_dict[\"args\"], **arg_dict[\"kwargs\"])","logger":"airflow.utils.process_utils","filename":"process_utils.py","lineno":196}
{"timestamp":"2025-10-24T05:25:43.666159Z","level":"info","event":"          ^^^^^^^^^^^^^^^^^^^^^^^^^^^^^^^^^^^^^^^^^^^^^^^^^^^^","logger":"airflow.utils.process_utils","filename":"process_utils.py","lineno":196}
{"timestamp":"2025-10-24T05:25:43.666266Z","level":"info","event":"  File \"/tmp/venv-callq28mn1f_/script.py\", line 34, in train_model","logger":"airflow.utils.process_utils","filename":"process_utils.py","lineno":196}
{"timestamp":"2025-10-24T05:25:43.666360Z","level":"info","event":"    from modelo_afluencia.train import train_and_log","logger":"airflow.utils.process_utils","filename":"process_utils.py","lineno":196}
{"timestamp":"2025-10-24T05:25:43.666456Z","level":"info","event":"ModuleNotFoundError: No module named 'modelo_afluencia'","logger":"airflow.utils.process_utils","filename":"process_utils.py","lineno":196}
{"timestamp":"2025-10-24T05:25:44.612447Z","level":"error","event":"Task failed with exception","logger":"task","filename":"task_runner.py","lineno":972,"error_detail":[{"exc_type":"AirflowException","exc_value":"Process returned non-zero exit status 1.\nNo module named 'modelo_afluencia'","exc_notes":[],"syntax_error":null,"is_cause":false,"frames":[{"filename":"/home/airflow/.local/lib/python3.12/site-packages/airflow/sdk/execution_time/task_runner.py","lineno":920,"name":"run"},{"filename":"/home/airflow/.local/lib/python3.12/site-packages/airflow/sdk/execution_time/task_runner.py","lineno":1307,"name":"_execute_task"},{"filename":"/home/airflow/.local/lib/python3.12/site-packages/airflow/sdk/bases/operator.py","lineno":416,"name":"wrapper"},{"filename":"/home/airflow/.local/lib/python3.12/site-packages/airflow/sdk/bases/decorator.py","lineno":252,"name":"execute"},{"filename":"/home/airflow/.local/lib/python3.12/site-packages/airflow/sdk/bases/operator.py","lineno":416,"name":"wrapper"},{"filename":"/home/airflow/.local/lib/python3.12/site-packages/airflow/providers/standard/operators/python.py","lineno":491,"name":"execute"},{"filename":"/home/airflow/.local/lib/python3.12/site-packages/airflow/sdk/bases/operator.py","lineno":416,"name":"wrapper"},{"filename":"/home/airflow/.local/lib/python3.12/site-packages/airflow/providers/standard/operators/python.py","lineno":216,"name":"execute"},{"filename":"/home/airflow/.local/lib/python3.12/site-packages/airflow/providers/standard/operators/python.py","lineno":897,"name":"execute_callable"},{"filename":"/home/airflow/.local/lib/python3.12/site-packages/airflow/providers/standard/operators/python.py","lineno":589,"name":"_execute_python_callable_in_subprocess"}],"is_group":false,"exceptions":[]}]}
