{"timestamp":"2025-10-24T05:23:08.649325Z","level":"info","event":"DAG bundles loaded: dags-folder","logger":"airflow.dag_processing.bundles.manager.DagBundlesManager","filename":"manager.py","lineno":179}
{"timestamp":"2025-10-24T05:23:08.650201Z","level":"info","event":"Filling up the DagBag from /opt/airflow/dags/afluencia/dag_ml_train.py","logger":"airflow.models.dagbag.DagBag","filename":"dagbag.py","lineno":593}
{"timestamp":"2025-10-24T05:23:08.703635Z","level":"info","event":"Executing cmd: uv venv --allow-existing --seed --python python /tmp/venv6d8nui48","logger":"airflow.utils.process_utils","filename":"process_utils.py","lineno":188}
{"timestamp":"2025-10-24T05:23:08.704353Z","level":"info","event":"Output:","logger":"airflow.utils.process_utils","filename":"process_utils.py","lineno":192}
{"timestamp":"2025-10-24T05:23:08.712523Z","level":"info","event":"Using CPython 3.12.11 interpreter at: /usr/python/bin/python","logger":"airflow.utils.process_utils","filename":"process_utils.py","lineno":196}
{"timestamp":"2025-10-24T05:23:08.712752Z","level":"info","event":"Creating virtual environment with seed packages at: /tmp/venv6d8nui48","logger":"airflow.utils.process_utils","filename":"process_utils.py","lineno":196}
{"timestamp":"2025-10-24T05:23:08.765751Z","level":"info","event":" + pip==25.2","logger":"airflow.utils.process_utils","filename":"process_utils.py","lineno":196}
{"timestamp":"2025-10-24T05:23:08.768758Z","level":"info","event":"Executing cmd: uv pip install --python /tmp/venv6d8nui48/bin/python -r /tmp/venv6d8nui48/requirements.txt","logger":"airflow.utils.process_utils","filename":"process_utils.py","lineno":188}
{"timestamp":"2025-10-24T05:23:08.769364Z","level":"info","event":"Output:","logger":"airflow.utils.process_utils","filename":"process_utils.py","lineno":192}
{"timestamp":"2025-10-24T05:23:08.938224Z","level":"info","event":"Using Python 3.12.11 environment at: /tmp/venv6d8nui48","logger":"airflow.utils.process_utils","filename":"process_utils.py","lineno":196}
{"timestamp":"2025-10-24T05:23:09.004142Z","level":"info","event":"Resolved 166 packages in 64ms","logger":"airflow.utils.process_utils","filename":"process_utils.py","lineno":196}
{"timestamp":"2025-10-24T05:23:09.402685Z","level":"info","event":"Installed 166 packages in 392ms","logger":"airflow.utils.process_utils","filename":"process_utils.py","lineno":196}
{"timestamp":"2025-10-24T05:23:09.402901Z","level":"info","event":" + a2wsgi==1.10.10","logger":"airflow.utils.process_utils","filename":"process_utils.py","lineno":196}
{"timestamp":"2025-10-24T05:23:09.402989Z","level":"info","event":" + aiosmtplib==5.0.0","logger":"airflow.utils.process_utils","filename":"process_utils.py","lineno":196}
{"timestamp":"2025-10-24T05:23:09.403066Z","level":"info","event":" + aiosqlite==0.21.0","logger":"airflow.utils.process_utils","filename":"process_utils.py","lineno":196}
{"timestamp":"2025-10-24T05:23:09.403150Z","level":"info","event":" + alembic==1.17.0","logger":"airflow.utils.process_utils","filename":"process_utils.py","lineno":196}
{"timestamp":"2025-10-24T05:23:09.403223Z","level":"info","event":" + annotated-doc==0.0.2","logger":"airflow.utils.process_utils","filename":"process_utils.py","lineno":196}
{"timestamp":"2025-10-24T05:23:09.403298Z","level":"info","event":" + annotated-types==0.7.0","logger":"airflow.utils.process_utils","filename":"process_utils.py","lineno":196}
{"timestamp":"2025-10-24T05:23:09.403366Z","level":"info","event":" + anyio==4.11.0","logger":"airflow.utils.process_utils","filename":"process_utils.py","lineno":196}
{"timestamp":"2025-10-24T05:23:09.403455Z","level":"info","event":" + apache-airflow==3.1.0","logger":"airflow.utils.process_utils","filename":"process_utils.py","lineno":196}
{"timestamp":"2025-10-24T05:23:09.403544Z","level":"info","event":" + apache-airflow-core==3.1.0","logger":"airflow.utils.process_utils","filename":"process_utils.py","lineno":196}
{"timestamp":"2025-10-24T05:23:09.403661Z","level":"info","event":" + apache-airflow-providers-common-compat==1.7.4","logger":"airflow.utils.process_utils","filename":"process_utils.py","lineno":196}
{"timestamp":"2025-10-24T05:23:09.403775Z","level":"info","event":" + apache-airflow-providers-common-io==1.6.3","logger":"airflow.utils.process_utils","filename":"process_utils.py","lineno":196}
{"timestamp":"2025-10-24T05:23:09.403885Z","level":"info","event":" + apache-airflow-providers-common-sql==1.28.1","logger":"airflow.utils.process_utils","filename":"process_utils.py","lineno":196}
{"timestamp":"2025-10-24T05:23:09.403974Z","level":"info","event":" + apache-airflow-providers-postgres==6.3.0","logger":"airflow.utils.process_utils","filename":"process_utils.py","lineno":196}
{"timestamp":"2025-10-24T05:23:09.404063Z","level":"info","event":" + apache-airflow-providers-smtp==2.3.1","logger":"airflow.utils.process_utils","filename":"process_utils.py","lineno":196}
{"timestamp":"2025-10-24T05:23:09.404166Z","level":"info","event":" + apache-airflow-providers-standard==1.9.0","logger":"airflow.utils.process_utils","filename":"process_utils.py","lineno":196}
{"timestamp":"2025-10-24T05:23:09.404278Z","level":"info","event":" + apache-airflow-task-sdk==1.1.0","logger":"airflow.utils.process_utils","filename":"process_utils.py","lineno":196}
{"timestamp":"2025-10-24T05:23:09.404368Z","level":"info","event":" + argcomplete==3.6.3","logger":"airflow.utils.process_utils","filename":"process_utils.py","lineno":196}
{"timestamp":"2025-10-24T05:23:09.404448Z","level":"info","event":" + asgiref==3.10.0","logger":"airflow.utils.process_utils","filename":"process_utils.py","lineno":196}
{"timestamp":"2025-10-24T05:23:09.404535Z","level":"info","event":" + asyncpg==0.30.0","logger":"airflow.utils.process_utils","filename":"process_utils.py","lineno":196}
{"timestamp":"2025-10-24T05:23:09.404612Z","level":"info","event":" + attrs==25.4.0","logger":"airflow.utils.process_utils","filename":"process_utils.py","lineno":196}
{"timestamp":"2025-10-24T05:23:09.404685Z","level":"info","event":" + blinker==1.9.0","logger":"airflow.utils.process_utils","filename":"process_utils.py","lineno":196}
{"timestamp":"2025-10-24T05:23:09.404787Z","level":"info","event":" + cachetools==6.2.1","logger":"airflow.utils.process_utils","filename":"process_utils.py","lineno":196}
{"timestamp":"2025-10-24T05:23:09.404863Z","level":"info","event":" + cadwyn==5.6.0","logger":"airflow.utils.process_utils","filename":"process_utils.py","lineno":196}
{"timestamp":"2025-10-24T05:23:09.404953Z","level":"info","event":" + certifi==2025.10.5","logger":"airflow.utils.process_utils","filename":"process_utils.py","lineno":196}
{"timestamp":"2025-10-24T05:23:09.405034Z","level":"info","event":" + cffi==2.0.0","logger":"airflow.utils.process_utils","filename":"process_utils.py","lineno":196}
{"timestamp":"2025-10-24T05:23:09.405136Z","level":"info","event":" + charset-normalizer==3.4.4","logger":"airflow.utils.process_utils","filename":"process_utils.py","lineno":196}
{"timestamp":"2025-10-24T05:23:09.405218Z","level":"info","event":" + click==8.3.0","logger":"airflow.utils.process_utils","filename":"process_utils.py","lineno":196}
{"timestamp":"2025-10-24T05:23:09.405296Z","level":"info","event":" + cloudpickle==3.1.1","logger":"airflow.utils.process_utils","filename":"process_utils.py","lineno":196}
{"timestamp":"2025-10-24T05:23:09.405383Z","level":"info","event":" + colorlog==6.10.1","logger":"airflow.utils.process_utils","filename":"process_utils.py","lineno":196}
{"timestamp":"2025-10-24T05:23:09.405460Z","level":"info","event":" + contourpy==1.3.3","logger":"airflow.utils.process_utils","filename":"process_utils.py","lineno":196}
{"timestamp":"2025-10-24T05:23:09.405545Z","level":"info","event":" + cron-descriptor==2.0.6","logger":"airflow.utils.process_utils","filename":"process_utils.py","lineno":196}
{"timestamp":"2025-10-24T05:23:09.405618Z","level":"info","event":" + croniter==6.0.0","logger":"airflow.utils.process_utils","filename":"process_utils.py","lineno":196}
{"timestamp":"2025-10-24T05:23:09.405686Z","level":"info","event":" + cryptography==46.0.3","logger":"airflow.utils.process_utils","filename":"process_utils.py","lineno":196}
{"timestamp":"2025-10-24T05:23:09.405781Z","level":"info","event":" + cycler==0.12.1","logger":"airflow.utils.process_utils","filename":"process_utils.py","lineno":196}
{"timestamp":"2025-10-24T05:23:09.405858Z","level":"info","event":" + databricks-sdk==0.70.0","logger":"airflow.utils.process_utils","filename":"process_utils.py","lineno":196}
{"timestamp":"2025-10-24T05:23:09.405948Z","level":"info","event":" + deprecated==1.2.18","logger":"airflow.utils.process_utils","filename":"process_utils.py","lineno":196}
{"timestamp":"2025-10-24T05:23:09.406020Z","level":"info","event":" + dill==0.4.0","logger":"airflow.utils.process_utils","filename":"process_utils.py","lineno":196}
{"timestamp":"2025-10-24T05:23:09.406102Z","level":"info","event":" + dnspython==2.8.0","logger":"airflow.utils.process_utils","filename":"process_utils.py","lineno":196}
{"timestamp":"2025-10-24T05:23:09.406184Z","level":"info","event":" + docker==7.1.0","logger":"airflow.utils.process_utils","filename":"process_utils.py","lineno":196}
{"timestamp":"2025-10-24T05:23:09.406301Z","level":"info","event":" + email-validator==2.3.0","logger":"airflow.utils.process_utils","filename":"process_utils.py","lineno":196}
{"timestamp":"2025-10-24T05:23:09.406384Z","level":"info","event":" + fastapi==0.120.0","logger":"airflow.utils.process_utils","filename":"process_utils.py","lineno":196}
{"timestamp":"2025-10-24T05:23:09.406477Z","level":"info","event":" + fastapi-cli==0.0.14","logger":"airflow.utils.process_utils","filename":"process_utils.py","lineno":196}
{"timestamp":"2025-10-24T05:23:09.406556Z","level":"info","event":" + flask==3.1.2","logger":"airflow.utils.process_utils","filename":"process_utils.py","lineno":196}
{"timestamp":"2025-10-24T05:23:09.406640Z","level":"info","event":" + flask-cors==6.0.1","logger":"airflow.utils.process_utils","filename":"process_utils.py","lineno":196}
{"timestamp":"2025-10-24T05:23:09.406717Z","level":"info","event":" + fonttools==4.60.1","logger":"airflow.utils.process_utils","filename":"process_utils.py","lineno":196}
{"timestamp":"2025-10-24T05:23:09.406789Z","level":"info","event":" + fsspec==2025.9.0","logger":"airflow.utils.process_utils","filename":"process_utils.py","lineno":196}
{"timestamp":"2025-10-24T05:23:09.406869Z","level":"info","event":" + gitdb==4.0.12","logger":"airflow.utils.process_utils","filename":"process_utils.py","lineno":196}
{"timestamp":"2025-10-24T05:23:09.406956Z","level":"info","event":" + gitpython==3.1.45","logger":"airflow.utils.process_utils","filename":"process_utils.py","lineno":196}
{"timestamp":"2025-10-24T05:23:09.407073Z","level":"info","event":" + google-auth==2.41.1","logger":"airflow.utils.process_utils","filename":"process_utils.py","lineno":196}
{"timestamp":"2025-10-24T05:23:09.407179Z","level":"info","event":" + googleapis-common-protos==1.71.0","logger":"airflow.utils.process_utils","filename":"process_utils.py","lineno":196}
{"timestamp":"2025-10-24T05:23:09.407320Z","level":"info","event":" + graphene==3.4.3","logger":"airflow.utils.process_utils","filename":"process_utils.py","lineno":196}
{"timestamp":"2025-10-24T05:23:09.407460Z","level":"info","event":" + graphql-core==3.2.6","logger":"airflow.utils.process_utils","filename":"process_utils.py","lineno":196}
{"timestamp":"2025-10-24T05:23:09.407607Z","level":"info","event":" + graphql-relay==3.2.0","logger":"airflow.utils.process_utils","filename":"process_utils.py","lineno":196}
{"timestamp":"2025-10-24T05:23:09.407714Z","level":"info","event":" + greenback==1.2.1","logger":"airflow.utils.process_utils","filename":"process_utils.py","lineno":196}
{"timestamp":"2025-10-24T05:23:09.407851Z","level":"info","event":" + greenlet==3.2.4","logger":"airflow.utils.process_utils","filename":"process_utils.py","lineno":196}
{"timestamp":"2025-10-24T05:23:09.407995Z","level":"info","event":" + grpcio==1.76.0","logger":"airflow.utils.process_utils","filename":"process_utils.py","lineno":196}
{"timestamp":"2025-10-24T05:23:09.408100Z","level":"info","event":" + gunicorn==23.0.0","logger":"airflow.utils.process_utils","filename":"process_utils.py","lineno":196}
{"timestamp":"2025-10-24T05:23:09.408181Z","level":"info","event":" + h11==0.16.0","logger":"airflow.utils.process_utils","filename":"process_utils.py","lineno":196}
{"timestamp":"2025-10-24T05:23:09.408279Z","level":"info","event":" + httpcore==1.0.9","logger":"airflow.utils.process_utils","filename":"process_utils.py","lineno":196}
{"timestamp":"2025-10-24T05:23:09.408363Z","level":"info","event":" + httptools==0.7.1","logger":"airflow.utils.process_utils","filename":"process_utils.py","lineno":196}
{"timestamp":"2025-10-24T05:23:09.408438Z","level":"info","event":" + httpx==0.28.1","logger":"airflow.utils.process_utils","filename":"process_utils.py","lineno":196}
{"timestamp":"2025-10-24T05:23:09.408501Z","level":"info","event":" + idna==3.11","logger":"airflow.utils.process_utils","filename":"process_utils.py","lineno":196}
{"timestamp":"2025-10-24T05:23:09.408585Z","level":"info","event":" + importlib-metadata==8.7.0","logger":"airflow.utils.process_utils","filename":"process_utils.py","lineno":196}
{"timestamp":"2025-10-24T05:23:09.408696Z","level":"info","event":" + itsdangerous==2.2.0","logger":"airflow.utils.process_utils","filename":"process_utils.py","lineno":196}
{"timestamp":"2025-10-24T05:23:09.408769Z","level":"info","event":" + jinja2==3.1.6","logger":"airflow.utils.process_utils","filename":"process_utils.py","lineno":196}
{"timestamp":"2025-10-24T05:23:09.408847Z","level":"info","event":" + joblib==1.5.2","logger":"airflow.utils.process_utils","filename":"process_utils.py","lineno":196}
{"timestamp":"2025-10-24T05:23:09.408939Z","level":"info","event":" + jsonschema==4.25.1","logger":"airflow.utils.process_utils","filename":"process_utils.py","lineno":196}
{"timestamp":"2025-10-24T05:23:09.409064Z","level":"info","event":" + jsonschema-specifications==2025.9.1","logger":"airflow.utils.process_utils","filename":"process_utils.py","lineno":196}
{"timestamp":"2025-10-24T05:23:09.409174Z","level":"info","event":" + kiwisolver==1.4.9","logger":"airflow.utils.process_utils","filename":"process_utils.py","lineno":196}
{"timestamp":"2025-10-24T05:23:09.409287Z","level":"info","event":" + lazy-object-proxy==1.12.0","logger":"airflow.utils.process_utils","filename":"process_utils.py","lineno":196}
{"timestamp":"2025-10-24T05:23:09.409396Z","level":"info","event":" + libcst==1.8.5","logger":"airflow.utils.process_utils","filename":"process_utils.py","lineno":196}
{"timestamp":"2025-10-24T05:23:09.409531Z","level":"info","event":" + linkify-it-py==2.0.3","logger":"airflow.utils.process_utils","filename":"process_utils.py","lineno":196}
{"timestamp":"2025-10-24T05:23:09.409654Z","level":"info","event":" + lockfile==0.12.2","logger":"airflow.utils.process_utils","filename":"process_utils.py","lineno":196}
{"timestamp":"2025-10-24T05:23:09.409755Z","level":"info","event":" + mako==1.3.10","logger":"airflow.utils.process_utils","filename":"process_utils.py","lineno":196}
{"timestamp":"2025-10-24T05:23:09.409886Z","level":"info","event":" + markdown-it-py==4.0.0","logger":"airflow.utils.process_utils","filename":"process_utils.py","lineno":196}
{"timestamp":"2025-10-24T05:23:09.410029Z","level":"info","event":" + markupsafe==3.0.3","logger":"airflow.utils.process_utils","filename":"process_utils.py","lineno":196}
{"timestamp":"2025-10-24T05:23:09.410116Z","level":"info","event":" + matplotlib==3.10.7","logger":"airflow.utils.process_utils","filename":"process_utils.py","lineno":196}
{"timestamp":"2025-10-24T05:23:09.410183Z","level":"info","event":" + mdurl==0.1.2","logger":"airflow.utils.process_utils","filename":"process_utils.py","lineno":196}
{"timestamp":"2025-10-24T05:23:09.410300Z","level":"info","event":" + methodtools==0.4.7","logger":"airflow.utils.process_utils","filename":"process_utils.py","lineno":196}
{"timestamp":"2025-10-24T05:23:09.410458Z","level":"info","event":" + mlflow==3.5.1","logger":"airflow.utils.process_utils","filename":"process_utils.py","lineno":196}
{"timestamp":"2025-10-24T05:23:09.410560Z","level":"info","event":" + mlflow-skinny==3.5.1","logger":"airflow.utils.process_utils","filename":"process_utils.py","lineno":196}
{"timestamp":"2025-10-24T05:23:09.410636Z","level":"info","event":" + mlflow-tracing==3.5.1","logger":"airflow.utils.process_utils","filename":"process_utils.py","lineno":196}
{"timestamp":"2025-10-24T05:23:09.410724Z","level":"info","event":" + more-itertools==10.8.0","logger":"airflow.utils.process_utils","filename":"process_utils.py","lineno":196}
{"timestamp":"2025-10-24T05:23:09.410817Z","level":"info","event":" + msgspec==0.19.0","logger":"airflow.utils.process_utils","filename":"process_utils.py","lineno":196}
{"timestamp":"2025-10-24T05:23:09.410918Z","level":"info","event":" + natsort==8.4.0","logger":"airflow.utils.process_utils","filename":"process_utils.py","lineno":196}
{"timestamp":"2025-10-24T05:23:09.411004Z","level":"info","event":" + numpy==2.3.4","logger":"airflow.utils.process_utils","filename":"process_utils.py","lineno":196}
{"timestamp":"2025-10-24T05:23:09.411085Z","level":"info","event":" + opentelemetry-api==1.38.0","logger":"airflow.utils.process_utils","filename":"process_utils.py","lineno":196}
{"timestamp":"2025-10-24T05:23:09.411166Z","level":"info","event":" + opentelemetry-exporter-otlp==1.38.0","logger":"airflow.utils.process_utils","filename":"process_utils.py","lineno":196}
{"timestamp":"2025-10-24T05:23:09.411262Z","level":"info","event":" + opentelemetry-exporter-otlp-proto-common==1.38.0","logger":"airflow.utils.process_utils","filename":"process_utils.py","lineno":196}
{"timestamp":"2025-10-24T05:23:09.411354Z","level":"info","event":" + opentelemetry-exporter-otlp-proto-grpc==1.38.0","logger":"airflow.utils.process_utils","filename":"process_utils.py","lineno":196}
{"timestamp":"2025-10-24T05:23:09.411441Z","level":"info","event":" + opentelemetry-exporter-otlp-proto-http==1.38.0","logger":"airflow.utils.process_utils","filename":"process_utils.py","lineno":196}
{"timestamp":"2025-10-24T05:23:09.411527Z","level":"info","event":" + opentelemetry-proto==1.38.0","logger":"airflow.utils.process_utils","filename":"process_utils.py","lineno":196}
{"timestamp":"2025-10-24T05:23:09.411600Z","level":"info","event":" + opentelemetry-sdk==1.38.0","logger":"airflow.utils.process_utils","filename":"process_utils.py","lineno":196}
{"timestamp":"2025-10-24T05:23:09.411693Z","level":"info","event":" + opentelemetry-semantic-conventions==0.59b0","logger":"airflow.utils.process_utils","filename":"process_utils.py","lineno":196}
{"timestamp":"2025-10-24T05:23:09.411766Z","level":"info","event":" + outcome==1.3.0.post0","logger":"airflow.utils.process_utils","filename":"process_utils.py","lineno":196}
{"timestamp":"2025-10-24T05:23:09.411830Z","level":"info","event":" + packaging==25.0","logger":"airflow.utils.process_utils","filename":"process_utils.py","lineno":196}
{"timestamp":"2025-10-24T05:23:09.411949Z","level":"info","event":" + pandas==2.3.3","logger":"airflow.utils.process_utils","filename":"process_utils.py","lineno":196}
{"timestamp":"2025-10-24T05:23:09.412028Z","level":"info","event":" + pathlib-abc==0.5.2","logger":"airflow.utils.process_utils","filename":"process_utils.py","lineno":196}
{"timestamp":"2025-10-24T05:23:09.412106Z","level":"info","event":" + pathspec==0.12.1","logger":"airflow.utils.process_utils","filename":"process_utils.py","lineno":196}
{"timestamp":"2025-10-24T05:23:09.412174Z","level":"info","event":" + pendulum==3.1.0","logger":"airflow.utils.process_utils","filename":"process_utils.py","lineno":196}
{"timestamp":"2025-10-24T05:23:09.412250Z","level":"info","event":" + pillow==12.0.0","logger":"airflow.utils.process_utils","filename":"process_utils.py","lineno":196}
{"timestamp":"2025-10-24T05:23:09.412344Z","level":"info","event":" + pluggy==1.6.0","logger":"airflow.utils.process_utils","filename":"process_utils.py","lineno":196}
{"timestamp":"2025-10-24T05:23:09.412423Z","level":"info","event":" + protobuf==6.33.0","logger":"airflow.utils.process_utils","filename":"process_utils.py","lineno":196}
{"timestamp":"2025-10-24T05:23:09.412499Z","level":"info","event":" + psutil==7.1.1","logger":"airflow.utils.process_utils","filename":"process_utils.py","lineno":196}
{"timestamp":"2025-10-24T05:23:09.412574Z","level":"info","event":" + psycopg2-binary==2.9.11","logger":"airflow.utils.process_utils","filename":"process_utils.py","lineno":196}
{"timestamp":"2025-10-24T05:23:09.412639Z","level":"info","event":" + pyarrow==21.0.0","logger":"airflow.utils.process_utils","filename":"process_utils.py","lineno":196}
{"timestamp":"2025-10-24T05:23:09.412700Z","level":"info","event":" + pyasn1==0.6.1","logger":"airflow.utils.process_utils","filename":"process_utils.py","lineno":196}
{"timestamp":"2025-10-24T05:23:09.412784Z","level":"info","event":" + pyasn1-modules==0.4.2","logger":"airflow.utils.process_utils","filename":"process_utils.py","lineno":196}
{"timestamp":"2025-10-24T05:23:09.412862Z","level":"info","event":" + pycparser==2.23","logger":"airflow.utils.process_utils","filename":"process_utils.py","lineno":196}
{"timestamp":"2025-10-24T05:23:09.412930Z","level":"info","event":" + pydantic==2.12.3","logger":"airflow.utils.process_utils","filename":"process_utils.py","lineno":196}
{"timestamp":"2025-10-24T05:23:09.413007Z","level":"info","event":" + pydantic-core==2.41.4","logger":"airflow.utils.process_utils","filename":"process_utils.py","lineno":196}
{"timestamp":"2025-10-24T05:23:09.413075Z","level":"info","event":" + pygments==2.19.2","logger":"airflow.utils.process_utils","filename":"process_utils.py","lineno":196}
{"timestamp":"2025-10-24T05:23:09.413139Z","level":"info","event":" + pygtrie==2.5.0","logger":"airflow.utils.process_utils","filename":"process_utils.py","lineno":196}
{"timestamp":"2025-10-24T05:23:09.413215Z","level":"info","event":" + pyjwt==2.10.1","logger":"airflow.utils.process_utils","filename":"process_utils.py","lineno":196}
{"timestamp":"2025-10-24T05:23:09.413284Z","level":"info","event":" + pyparsing==3.2.5","logger":"airflow.utils.process_utils","filename":"process_utils.py","lineno":196}
{"timestamp":"2025-10-24T05:23:09.413358Z","level":"info","event":" + python-daemon==3.1.2","logger":"airflow.utils.process_utils","filename":"process_utils.py","lineno":196}
{"timestamp":"2025-10-24T05:23:09.413438Z","level":"info","event":" + python-dateutil==2.9.0.post0","logger":"airflow.utils.process_utils","filename":"process_utils.py","lineno":196}
{"timestamp":"2025-10-24T05:23:09.413507Z","level":"info","event":" + python-dotenv==1.1.1","logger":"airflow.utils.process_utils","filename":"process_utils.py","lineno":196}
{"timestamp":"2025-10-24T05:23:09.413590Z","level":"info","event":" + python-multipart==0.0.20","logger":"airflow.utils.process_utils","filename":"process_utils.py","lineno":196}
{"timestamp":"2025-10-24T05:23:09.413661Z","level":"info","event":" + python-slugify==8.0.4","logger":"airflow.utils.process_utils","filename":"process_utils.py","lineno":196}
{"timestamp":"2025-10-24T05:23:09.413731Z","level":"info","event":" + pytz==2025.2","logger":"airflow.utils.process_utils","filename":"process_utils.py","lineno":196}
{"timestamp":"2025-10-24T05:23:09.413807Z","level":"info","event":" + pyyaml==6.0.3","logger":"airflow.utils.process_utils","filename":"process_utils.py","lineno":196}
{"timestamp":"2025-10-24T05:23:09.413874Z","level":"info","event":" + referencing==0.37.0","logger":"airflow.utils.process_utils","filename":"process_utils.py","lineno":196}
{"timestamp":"2025-10-24T05:23:09.413952Z","level":"info","event":" + requests==2.32.5","logger":"airflow.utils.process_utils","filename":"process_utils.py","lineno":196}
{"timestamp":"2025-10-24T05:23:09.414021Z","level":"info","event":" + retryhttp==1.4.0","logger":"airflow.utils.process_utils","filename":"process_utils.py","lineno":196}
{"timestamp":"2025-10-24T05:23:09.414083Z","level":"info","event":" + rich==14.2.0","logger":"airflow.utils.process_utils","filename":"process_utils.py","lineno":196}
{"timestamp":"2025-10-24T05:23:09.414162Z","level":"info","event":" + rich-argparse==1.7.1","logger":"airflow.utils.process_utils","filename":"process_utils.py","lineno":196}
{"timestamp":"2025-10-24T05:23:09.414232Z","level":"info","event":" + rich-toolkit==0.15.1","logger":"airflow.utils.process_utils","filename":"process_utils.py","lineno":196}
{"timestamp":"2025-10-24T05:23:09.414328Z","level":"info","event":" + rpds-py==0.28.0","logger":"airflow.utils.process_utils","filename":"process_utils.py","lineno":196}
{"timestamp":"2025-10-24T05:23:09.414405Z","level":"info","event":" + rsa==4.9.1","logger":"airflow.utils.process_utils","filename":"process_utils.py","lineno":196}
{"timestamp":"2025-10-24T05:23:09.414474Z","level":"info","event":" + scikit-learn==1.7.2","logger":"airflow.utils.process_utils","filename":"process_utils.py","lineno":196}
{"timestamp":"2025-10-24T05:23:09.414552Z","level":"info","event":" + scipy==1.16.2","logger":"airflow.utils.process_utils","filename":"process_utils.py","lineno":196}
{"timestamp":"2025-10-24T05:23:09.414633Z","level":"info","event":" + setproctitle==1.3.7","logger":"airflow.utils.process_utils","filename":"process_utils.py","lineno":196}
{"timestamp":"2025-10-24T05:23:09.414705Z","level":"info","event":" + shellingham==1.5.4","logger":"airflow.utils.process_utils","filename":"process_utils.py","lineno":196}
{"timestamp":"2025-10-24T05:23:09.414774Z","level":"info","event":" + six==1.17.0","logger":"airflow.utils.process_utils","filename":"process_utils.py","lineno":196}
{"timestamp":"2025-10-24T05:23:09.414837Z","level":"info","event":" + smmap==5.0.2","logger":"airflow.utils.process_utils","filename":"process_utils.py","lineno":196}
{"timestamp":"2025-10-24T05:23:09.414909Z","level":"info","event":" + sniffio==1.3.1","logger":"airflow.utils.process_utils","filename":"process_utils.py","lineno":196}
{"timestamp":"2025-10-24T05:23:09.414992Z","level":"info","event":" + sqlalchemy==2.0.44","logger":"airflow.utils.process_utils","filename":"process_utils.py","lineno":196}
{"timestamp":"2025-10-24T05:23:09.415074Z","level":"info","event":" + sqlalchemy-jsonfield==1.0.2","logger":"airflow.utils.process_utils","filename":"process_utils.py","lineno":196}
{"timestamp":"2025-10-24T05:23:09.415150Z","level":"info","event":" + sqlalchemy-utils==0.42.0","logger":"airflow.utils.process_utils","filename":"process_utils.py","lineno":196}
{"timestamp":"2025-10-24T05:23:09.415213Z","level":"info","event":" + sqlparse==0.5.3","logger":"airflow.utils.process_utils","filename":"process_utils.py","lineno":196}
{"timestamp":"2025-10-24T05:23:09.415290Z","level":"info","event":" + starlette==0.48.0","logger":"airflow.utils.process_utils","filename":"process_utils.py","lineno":196}
{"timestamp":"2025-10-24T05:23:09.415359Z","level":"info","event":" + structlog==25.4.0","logger":"airflow.utils.process_utils","filename":"process_utils.py","lineno":196}
{"timestamp":"2025-10-24T05:23:09.415426Z","level":"info","event":" + svcs==25.1.0","logger":"airflow.utils.process_utils","filename":"process_utils.py","lineno":196}
{"timestamp":"2025-10-24T05:23:09.415495Z","level":"info","event":" + tabulate==0.9.0","logger":"airflow.utils.process_utils","filename":"process_utils.py","lineno":196}
{"timestamp":"2025-10-24T05:23:09.415559Z","level":"info","event":" + tenacity==9.1.2","logger":"airflow.utils.process_utils","filename":"process_utils.py","lineno":196}
{"timestamp":"2025-10-24T05:23:09.415633Z","level":"info","event":" + termcolor==3.1.0","logger":"airflow.utils.process_utils","filename":"process_utils.py","lineno":196}
{"timestamp":"2025-10-24T05:23:09.415704Z","level":"info","event":" + text-unidecode==1.3","logger":"airflow.utils.process_utils","filename":"process_utils.py","lineno":196}
{"timestamp":"2025-10-24T05:23:09.415775Z","level":"info","event":" + threadpoolctl==3.6.0","logger":"airflow.utils.process_utils","filename":"process_utils.py","lineno":196}
{"timestamp":"2025-10-24T05:23:09.415850Z","level":"info","event":" + typer==0.20.0","logger":"airflow.utils.process_utils","filename":"process_utils.py","lineno":196}
{"timestamp":"2025-10-24T05:23:09.415925Z","level":"info","event":" + types-requests==2.32.4.20250913","logger":"airflow.utils.process_utils","filename":"process_utils.py","lineno":196}
{"timestamp":"2025-10-24T05:23:09.416006Z","level":"info","event":" + typing-extensions==4.15.0","logger":"airflow.utils.process_utils","filename":"process_utils.py","lineno":196}
{"timestamp":"2025-10-24T05:23:09.416078Z","level":"info","event":" + typing-inspection==0.4.2","logger":"airflow.utils.process_utils","filename":"process_utils.py","lineno":196}
{"timestamp":"2025-10-24T05:23:09.416146Z","level":"info","event":" + tzdata==2025.2","logger":"airflow.utils.process_utils","filename":"process_utils.py","lineno":196}
{"timestamp":"2025-10-24T05:23:09.416222Z","level":"info","event":" + uc-micro-py==1.0.3","logger":"airflow.utils.process_utils","filename":"process_utils.py","lineno":196}
{"timestamp":"2025-10-24T05:23:09.416333Z","level":"info","event":" + universal-pathlib==0.3.4","logger":"airflow.utils.process_utils","filename":"process_utils.py","lineno":196}
{"timestamp":"2025-10-24T05:23:09.416411Z","level":"info","event":" + urllib3==2.5.0","logger":"airflow.utils.process_utils","filename":"process_utils.py","lineno":196}
{"timestamp":"2025-10-24T05:23:09.416477Z","level":"info","event":" + uuid6==2025.0.1","logger":"airflow.utils.process_utils","filename":"process_utils.py","lineno":196}
{"timestamp":"2025-10-24T05:23:09.416553Z","level":"info","event":" + uvicorn==0.38.0","logger":"airflow.utils.process_utils","filename":"process_utils.py","lineno":196}
{"timestamp":"2025-10-24T05:23:09.416619Z","level":"info","event":" + uvloop==0.22.1","logger":"airflow.utils.process_utils","filename":"process_utils.py","lineno":196}
{"timestamp":"2025-10-24T05:23:09.416694Z","level":"info","event":" + watchfiles==1.1.1","logger":"airflow.utils.process_utils","filename":"process_utils.py","lineno":196}
{"timestamp":"2025-10-24T05:23:09.416778Z","level":"info","event":" + websockets==15.0.1","logger":"airflow.utils.process_utils","filename":"process_utils.py","lineno":196}
{"timestamp":"2025-10-24T05:23:09.416844Z","level":"info","event":" + werkzeug==3.1.3","logger":"airflow.utils.process_utils","filename":"process_utils.py","lineno":196}
{"timestamp":"2025-10-24T05:23:09.416926Z","level":"info","event":" + wirerope==1.0.0","logger":"airflow.utils.process_utils","filename":"process_utils.py","lineno":196}
{"timestamp":"2025-10-24T05:23:09.417003Z","level":"info","event":" + wrapt==1.17.3","logger":"airflow.utils.process_utils","filename":"process_utils.py","lineno":196}
{"timestamp":"2025-10-24T05:23:09.417083Z","level":"info","event":" + zipp==3.23.0","logger":"airflow.utils.process_utils","filename":"process_utils.py","lineno":196}
{"timestamp":"2025-10-24T05:23:09.433890Z","level":"info","event":"Executing cmd: /tmp/venv6d8nui48/bin/python /tmp/venv-callz60x_y3c/script.py /tmp/venv-callz60x_y3c/script.in /tmp/venv-callz60x_y3c/script.out /tmp/venv-callz60x_y3c/string_args.txt /tmp/venv-callz60x_y3c/termination.log /tmp/venv-callz60x_y3c/airflow_context.json","logger":"airflow.utils.process_utils","filename":"process_utils.py","lineno":188}
{"timestamp":"2025-10-24T05:23:09.434451Z","level":"info","event":"Output:","logger":"airflow.utils.process_utils","filename":"process_utils.py","lineno":192}
{"timestamp":"2025-10-24T05:23:14.526774Z","level":"info","event":"Traceback (most recent call last):","logger":"airflow.utils.process_utils","filename":"process_utils.py","lineno":196}
{"timestamp":"2025-10-24T05:23:14.527001Z","level":"info","event":"  File \"/tmp/venv-callz60x_y3c/script.py\", line 60, in <module>","logger":"airflow.utils.process_utils","filename":"process_utils.py","lineno":196}
{"timestamp":"2025-10-24T05:23:14.527121Z","level":"info","event":"    res = train_model(*arg_dict[\"args\"], **arg_dict[\"kwargs\"])","logger":"airflow.utils.process_utils","filename":"process_utils.py","lineno":196}
{"timestamp":"2025-10-24T05:23:14.527228Z","level":"info","event":"          ^^^^^^^^^^^^^^^^^^^^^^^^^^^^^^^^^^^^^^^^^^^^^^^^^^^^","logger":"airflow.utils.process_utils","filename":"process_utils.py","lineno":196}
{"timestamp":"2025-10-24T05:23:14.527334Z","level":"info","event":"  File \"/tmp/venv-callz60x_y3c/script.py\", line 30, in train_model","logger":"airflow.utils.process_utils","filename":"process_utils.py","lineno":196}
{"timestamp":"2025-10-24T05:23:14.527424Z","level":"info","event":"    from modelo_afluencia import train_and_log","logger":"airflow.utils.process_utils","filename":"process_utils.py","lineno":196}
{"timestamp":"2025-10-24T05:23:14.527521Z","level":"info","event":"ModuleNotFoundError: No module named 'modelo_afluencia'","logger":"airflow.utils.process_utils","filename":"process_utils.py","lineno":196}
{"timestamp":"2025-10-24T05:23:15.418801Z","level":"error","event":"Task failed with exception","logger":"task","filename":"task_runner.py","lineno":972,"error_detail":[{"exc_type":"AirflowException","exc_value":"Process returned non-zero exit status 1.\nNo module named 'modelo_afluencia'","exc_notes":[],"syntax_error":null,"is_cause":false,"frames":[{"filename":"/home/airflow/.local/lib/python3.12/site-packages/airflow/sdk/execution_time/task_runner.py","lineno":920,"name":"run"},{"filename":"/home/airflow/.local/lib/python3.12/site-packages/airflow/sdk/execution_time/task_runner.py","lineno":1307,"name":"_execute_task"},{"filename":"/home/airflow/.local/lib/python3.12/site-packages/airflow/sdk/bases/operator.py","lineno":416,"name":"wrapper"},{"filename":"/home/airflow/.local/lib/python3.12/site-packages/airflow/sdk/bases/decorator.py","lineno":252,"name":"execute"},{"filename":"/home/airflow/.local/lib/python3.12/site-packages/airflow/sdk/bases/operator.py","lineno":416,"name":"wrapper"},{"filename":"/home/airflow/.local/lib/python3.12/site-packages/airflow/providers/standard/operators/python.py","lineno":491,"name":"execute"},{"filename":"/home/airflow/.local/lib/python3.12/site-packages/airflow/sdk/bases/operator.py","lineno":416,"name":"wrapper"},{"filename":"/home/airflow/.local/lib/python3.12/site-packages/airflow/providers/standard/operators/python.py","lineno":216,"name":"execute"},{"filename":"/home/airflow/.local/lib/python3.12/site-packages/airflow/providers/standard/operators/python.py","lineno":897,"name":"execute_callable"},{"filename":"/home/airflow/.local/lib/python3.12/site-packages/airflow/providers/standard/operators/python.py","lineno":589,"name":"_execute_python_callable_in_subprocess"}],"is_group":false,"exceptions":[]}]}
